The system is: Windows - 6.1 - AMD64
Compiling the C compiler identification source file "CMakeCCompilerId.c" succeeded.
Compiler:  
Build flags: 
Id flags: 

The output was:
0

Microsoft (R) Visual C++ Express Edition Version 9.0.30729.1.
Copyright (C) Microsoft Corp 2007. All rights reserved.
1>------ Build started: Project: CompilerIdC, Configuration: Debug Win32 ------
1>Compiling...
1>CMakeCCompilerId.c
1>Linking...
1>Embedding manifest...
1>Performing Post-Build Event...
1>CMAKE_C_COMPILER=C:\Program Files (x86)\Microsoft Visual Studio 9.0\VC\bin\cl.exe
1>Build log was saved at "file://d:\Sim_Devel\svn\openrails\Source\3rdPartyLibs\openal-soft\build\CMakeFiles\2.8.11\CompilerIdC\Debug\BuildLog.htm"
1>CompilerIdC - 0 error(s), 0 warning(s)
========== Build: 1 succeeded, 0 failed, 0 up-to-date, 0 skipped ==========


Compilation of the C compiler identification source "CMakeCCompilerId.c" produced "CompilerIdC.exe"

Compilation of the C compiler identification source "CMakeCCompilerId.c" produced "CompilerIdC.vcproj"

The C compiler identification is MSVC, found in "D:/Sim_Devel/svn/openrails/Source/3rdPartyLibs/openal-soft/build/CMakeFiles/2.8.11/CompilerIdC/CompilerIdC.exe"

Determining if the C compiler works passed with the following output:
Change Dir: D:/Sim_Devel/svn/openrails/Source/3rdPartyLibs/openal-soft/build/CMakeFiles/CMakeTmp

Run Build Command:C:\PROGRA~2\MICROS~2.0\Common7\IDE\VCExpress.exe CMAKE_TRY_COMPILE.sln /build Debug /project cmTryCompileExec2811788216

Microsoft (R) Visual C++ Express Edition Version 9.0.30729.1.
Copyright (C) Microsoft Corp 2007. All rights reserved.
1>------ Build started: Project: cmTryCompileExec2811788216, Configuration: Debug Win32 ------
1>Compiling...
1>Microsoft (R) 32-bit C/C++ Optimizing Compiler Version 15.00.30729.01 for 80x86
1>Copyright (C) Microsoft Corporation.  All rights reserved.
1>cl /Od /D "WIN32" /D "_WINDOWS" /D "_DEBUG" /D "CMAKE_INTDIR=\"Debug\"" /D "_MBCS" /FD /RTC1 /MDd /Fo"cmTryCompileExec2811788216.dir\Debug\\" /Fd"D:\Sim_Devel\svn\openrails\Source\3rdPartyLibs\openal-soft\build\CMakeFiles\CMakeTmp\Debug/cmTryCompileExec2811788216.pdb" /W3 /c /Zi /TC ".\testCCompiler.c"
1>testCCompiler.c
1>Compiling manifest to resources...
1>Microsoft (R) Windows (R) Resource Compiler Version 6.1.6723.1
1>Copyright (C) Microsoft Corporation.  All rights reserved.
1>Linking...
1>Embedding manifest...
1>Microsoft (R) Windows (R) Resource Compiler Version 6.1.6723.1
1>Copyright (C) Microsoft Corporation.  All rights reserved.
1>Build log was saved at "file://d:\Sim_Devel\svn\openrails\Source\3rdPartyLibs\openal-soft\build\CMakeFiles\CMakeTmp\cmTryCompileExec2811788216.dir\Debug\BuildLog.htm"
1>cmTryCompileExec2811788216 - 0 error(s), 0 warning(s)
========== Build: 1 succeeded, 0 failed, 0 up-to-date, 0 skipped ==========


Detecting C compiler ABI info compiled with the following output:
Change Dir: D:/Sim_Devel/svn/openrails/Source/3rdPartyLibs/openal-soft/build/CMakeFiles/CMakeTmp

Run Build Command:C:\PROGRA~2\MICROS~2.0\Common7\IDE\VCExpress.exe CMAKE_TRY_COMPILE.sln /build Debug /project cmTryCompileExec3492784055

Microsoft (R) Visual C++ Express Edition Version 9.0.30729.1.
Copyright (C) Microsoft Corp 2007. All rights reserved.
1>------ Build started: Project: cmTryCompileExec3492784055, Configuration: Debug Win32 ------
1>Compiling...
1>Microsoft (R) 32-bit C/C++ Optimizing Compiler Version 15.00.30729.01 for 80x86
1>Copyright (C) Microsoft Corporation.  All rights reserved.
1>cl /Od /D "WIN32" /D "_WINDOWS" /D "_DEBUG" /D "CMAKE_INTDIR=\"Debug\"" /D "_MBCS" /FD /RTC1 /MDd /Fo"cmTryCompileExec3492784055.dir\Debug\\" /Fd"D:\Sim_Devel\svn\openrails\Source\3rdPartyLibs\openal-soft\build\CMakeFiles\CMakeTmp\Debug/cmTryCompileExec3492784055.pdb" /W3 /c /Zi /TC "C:\Program Files (x86)\CMake 2.8\share\cmake-2.8\Modules\CMakeCCompilerABI.c"
1>CMakeCCompilerABI.c
1>Compiling manifest to resources...
1>Microsoft (R) Windows (R) Resource Compiler Version 6.1.6723.1
1>Copyright (C) Microsoft Corporation.  All rights reserved.
1>Linking...
1>Embedding manifest...
1>Microsoft (R) Windows (R) Resource Compiler Version 6.1.6723.1
1>Copyright (C) Microsoft Corporation.  All rights reserved.
1>Build log was saved at "file://d:\Sim_Devel\svn\openrails\Source\3rdPartyLibs\openal-soft\build\CMakeFiles\CMakeTmp\cmTryCompileExec3492784055.dir\Debug\BuildLog.htm"
1>cmTryCompileExec3492784055 - 0 error(s), 0 warning(s)
========== Build: 1 succeeded, 0 failed, 0 up-to-date, 0 skipped ==========


Determining if the include file sys/types.h exists passed with the following output:
Change Dir: D:/Sim_Devel/svn/openrails/Source/3rdPartyLibs/openal-soft/build/CMakeFiles/CMakeTmp

Run Build Command:C:\PROGRA~2\MICROS~2.0\Common7\IDE\VCExpress.exe CMAKE_TRY_COMPILE.sln /build Debug /project cmTryCompileExec108154986

Microsoft (R) Visual C++ Express Edition Version 9.0.30729.1.
Copyright (C) Microsoft Corp 2007. All rights reserved.
1>------ Build started: Project: cmTryCompileExec108154986, Configuration: Debug Win32 ------
1>Compiling...
1>Microsoft (R) 32-bit C/C++ Optimizing Compiler Version 15.00.30729.01 for 80x86
1>Copyright (C) Microsoft Corporation.  All rights reserved.
1>cl /Od /D "WIN32" /D "_WINDOWS" /D "_DEBUG" /D "CMAKE_INTDIR=\"Debug\"" /D "_MBCS" /FD /RTC1 /MDd /Fo"cmTryCompileExec108154986.dir\Debug\\" /Fd"D:\Sim_Devel\svn\openrails\Source\3rdPartyLibs\openal-soft\build\CMakeFiles\CMakeTmp\Debug/cmTryCompileExec108154986.pdb" /W3 /c /Zi /TC ".\CheckIncludeFile.c"
1>CheckIncludeFile.c
1>Compiling manifest to resources...
1>Microsoft (R) Windows (R) Resource Compiler Version 6.1.6723.1
1>Copyright (C) Microsoft Corporation.  All rights reserved.
1>Linking...
1>Embedding manifest...
1>Microsoft (R) Windows (R) Resource Compiler Version 6.1.6723.1
1>Copyright (C) Microsoft Corporation.  All rights reserved.
1>Build log was saved at "file://d:\Sim_Devel\svn\openrails\Source\3rdPartyLibs\openal-soft\build\CMakeFiles\CMakeTmp\cmTryCompileExec108154986.dir\Debug\BuildLog.htm"
1>cmTryCompileExec108154986 - 0 error(s), 0 warning(s)
========== Build: 1 succeeded, 0 failed, 0 up-to-date, 0 skipped ==========


Determining if the include file stddef.h exists passed with the following output:
Change Dir: D:/Sim_Devel/svn/openrails/Source/3rdPartyLibs/openal-soft/build/CMakeFiles/CMakeTmp

Run Build Command:C:\PROGRA~2\MICROS~2.0\Common7\IDE\VCExpress.exe CMAKE_TRY_COMPILE.sln /build Debug /project cmTryCompileExec3676804718

Microsoft (R) Visual C++ Express Edition Version 9.0.30729.1.
Copyright (C) Microsoft Corp 2007. All rights reserved.
1>------ Build started: Project: cmTryCompileExec3676804718, Configuration: Debug Win32 ------
1>Compiling...
1>Microsoft (R) 32-bit C/C++ Optimizing Compiler Version 15.00.30729.01 for 80x86
1>Copyright (C) Microsoft Corporation.  All rights reserved.
1>cl /Od /D "WIN32" /D "_WINDOWS" /D "_DEBUG" /D "CMAKE_INTDIR=\"Debug\"" /D "_MBCS" /FD /RTC1 /MDd /Fo"cmTryCompileExec3676804718.dir\Debug\\" /Fd"D:\Sim_Devel\svn\openrails\Source\3rdPartyLibs\openal-soft\build\CMakeFiles\CMakeTmp\Debug/cmTryCompileExec3676804718.pdb" /W3 /c /Zi /TC ".\CheckIncludeFile.c"
1>CheckIncludeFile.c
1>Compiling manifest to resources...
1>Microsoft (R) Windows (R) Resource Compiler Version 6.1.6723.1
1>Copyright (C) Microsoft Corporation.  All rights reserved.
1>Linking...
1>Embedding manifest...
1>Microsoft (R) Windows (R) Resource Compiler Version 6.1.6723.1
1>Copyright (C) Microsoft Corporation.  All rights reserved.
1>Build log was saved at "file://d:\Sim_Devel\svn\openrails\Source\3rdPartyLibs\openal-soft\build\CMakeFiles\CMakeTmp\cmTryCompileExec3676804718.dir\Debug\BuildLog.htm"
1>cmTryCompileExec3676804718 - 0 error(s), 0 warning(s)
========== Build: 1 succeeded, 0 failed, 0 up-to-date, 0 skipped ==========


Determining size of long passed with the following output:
Change Dir: D:/Sim_Devel/svn/openrails/Source/3rdPartyLibs/openal-soft/build/CMakeFiles/CMakeTmp

Run Build Command:C:\PROGRA~2\MICROS~2.0\Common7\IDE\VCExpress.exe CMAKE_TRY_COMPILE.sln /build Debug /project cmTryCompileExec1736884339

Microsoft (R) Visual C++ Express Edition Version 9.0.30729.1.
Copyright (C) Microsoft Corp 2007. All rights reserved.
1>------ Build started: Project: cmTryCompileExec1736884339, Configuration: Debug Win32 ------
1>Compiling...
1>Microsoft (R) 32-bit C/C++ Optimizing Compiler Version 15.00.30729.01 for 80x86
1>Copyright (C) Microsoft Corporation.  All rights reserved.
1>cl /Od /D "WIN32" /D "_WINDOWS" /D "_DEBUG" /D "CMAKE_INTDIR=\"Debug\"" /D "_MBCS" /FD /RTC1 /MDd /Fo"cmTryCompileExec1736884339.dir\Debug\\" /Fd"D:\Sim_Devel\svn\openrails\Source\3rdPartyLibs\openal-soft\build\CMakeFiles\CMakeTmp\Debug/cmTryCompileExec1736884339.pdb" /W3 /c /Zi /TC "..\CheckTypeSize\SIZEOF_LONG.c"
1>SIZEOF_LONG.c
1>Compiling manifest to resources...
1>Microsoft (R) Windows (R) Resource Compiler Version 6.1.6723.1
1>Copyright (C) Microsoft Corporation.  All rights reserved.
1>Linking...
1>Embedding manifest...
1>Microsoft (R) Windows (R) Resource Compiler Version 6.1.6723.1
1>Copyright (C) Microsoft Corporation.  All rights reserved.
1>Build log was saved at "file://d:\Sim_Devel\svn\openrails\Source\3rdPartyLibs\openal-soft\build\CMakeFiles\CMakeTmp\cmTryCompileExec1736884339.dir\Debug\BuildLog.htm"
1>cmTryCompileExec1736884339 - 0 error(s), 0 warning(s)
========== Build: 1 succeeded, 0 failed, 0 up-to-date, 0 skipped ==========


Determining size of long long passed with the following output:
Change Dir: D:/Sim_Devel/svn/openrails/Source/3rdPartyLibs/openal-soft/build/CMakeFiles/CMakeTmp

Run Build Command:C:\PROGRA~2\MICROS~2.0\Common7\IDE\VCExpress.exe CMAKE_TRY_COMPILE.sln /build Debug /project cmTryCompileExec4161597700

Microsoft (R) Visual C++ Express Edition Version 9.0.30729.1.
Copyright (C) Microsoft Corp 2007. All rights reserved.
1>------ Build started: Project: cmTryCompileExec4161597700, Configuration: Debug Win32 ------
1>Compiling...
1>Microsoft (R) 32-bit C/C++ Optimizing Compiler Version 15.00.30729.01 for 80x86
1>Copyright (C) Microsoft Corporation.  All rights reserved.
1>cl /Od /D "WIN32" /D "_WINDOWS" /D "_DEBUG" /D "CMAKE_INTDIR=\"Debug\"" /D "_MBCS" /FD /RTC1 /MDd /Fo"cmTryCompileExec4161597700.dir\Debug\\" /Fd"D:\Sim_Devel\svn\openrails\Source\3rdPartyLibs\openal-soft\build\CMakeFiles\CMakeTmp\Debug/cmTryCompileExec4161597700.pdb" /W3 /c /Zi /TC "..\CheckTypeSize\SIZEOF_LONG_LONG.c"
1>SIZEOF_LONG_LONG.c
1>Compiling manifest to resources...
1>Microsoft (R) Windows (R) Resource Compiler Version 6.1.6723.1
1>Copyright (C) Microsoft Corporation.  All rights reserved.
1>Linking...
1>Embedding manifest...
1>Microsoft (R) Windows (R) Resource Compiler Version 6.1.6723.1
1>Copyright (C) Microsoft Corporation.  All rights reserved.
1>Build log was saved at "file://d:\Sim_Devel\svn\openrails\Source\3rdPartyLibs\openal-soft\build\CMakeFiles\CMakeTmp\cmTryCompileExec4161597700.dir\Debug\BuildLog.htm"
1>cmTryCompileExec4161597700 - 0 error(s), 0 warning(s)
========== Build: 1 succeeded, 0 failed, 0 up-to-date, 0 skipped ==========


Performing C SOURCE FILE Test HAVE___RESTRICT succeded with the following output:
Change Dir: D:/Sim_Devel/svn/openrails/Source/3rdPartyLibs/openal-soft/build/CMakeFiles/CMakeTmp

Run Build Command:C:\PROGRA~2\MICROS~2.0\Common7\IDE\VCExpress.exe CMAKE_TRY_COMPILE.sln /build Debug /project cmTryCompileExec3858794406

Microsoft (R) Visual C++ Express Edition Version 9.0.30729.1.
Copyright (C) Microsoft Corp 2007. All rights reserved.
1>------ Build started: Project: cmTryCompileExec3858794406, Configuration: Debug Win32 ------
1>Compiling...
1>Microsoft (R) 32-bit C/C++ Optimizing Compiler Version 15.00.30729.01 for 80x86
1>Copyright (C) Microsoft Corporation.  All rights reserved.
1>cl /Od /D "WIN32" /D "_WINDOWS" /D "HAVE___RESTRICT" /D "_DEBUG" /D "CMAKE_INTDIR=\"Debug\"" /D "_MBCS" /FD /RTC1 /MDd /Fo"cmTryCompileExec3858794406.dir\Debug\\" /Fd"D:\Sim_Devel\svn\openrails\Source\3rdPartyLibs\openal-soft\build\CMakeFiles\CMakeTmp\Debug/cmTryCompileExec3858794406.pdb" /W3 /c /Zi /TC ".\src.c"
1>src.c
1>Compiling manifest to resources...
1>Microsoft (R) Windows (R) Resource Compiler Version 6.1.6723.1
1>Copyright (C) Microsoft Corporation.  All rights reserved.
1>Linking...
1>Embedding manifest...
1>Microsoft (R) Windows (R) Resource Compiler Version 6.1.6723.1
1>Copyright (C) Microsoft Corporation.  All rights reserved.
1>Build log was saved at "file://d:\Sim_Devel\svn\openrails\Source\3rdPartyLibs\openal-soft\build\CMakeFiles\CMakeTmp\cmTryCompileExec3858794406.dir\Debug\BuildLog.htm"
1>cmTryCompileExec3858794406 - 0 error(s), 0 warning(s)
========== Build: 1 succeeded, 0 failed, 0 up-to-date, 0 skipped ==========

Source file was:
int *__restrict foo;
                             int main() {return 0;}
Performing C SOURCE FILE Test HAVE_MSSE_SWITCH succeded with the following output:
Change Dir: D:/Sim_Devel/svn/openrails/Source/3rdPartyLibs/openal-soft/build/CMakeFiles/CMakeTmp

Run Build Command:C:\PROGRA~2\MICROS~2.0\Common7\IDE\VCExpress.exe CMAKE_TRY_COMPILE.sln /build Debug /project cmTryCompileExec1661301402

Microsoft (R) Visual C++ Express Edition Version 9.0.30729.1.
Copyright (C) Microsoft Corp 2007. All rights reserved.
1>------ Build started: Project: cmTryCompileExec1661301402, Configuration: Debug Win32 ------
1>Compiling...
1>Microsoft (R) 32-bit C/C++ Optimizing Compiler Version 15.00.30729.01 for 80x86
1>Copyright (C) Microsoft Corporation.  All rights reserved.
1>cl /Od /I "C:\Program Files (x86)\Microsoft DirectX SDK (August 2009)\Include" /D "WIN32" /D "_WINDOWS" /D "_DEBUG" /D "CMAKE_INTDIR=\"Debug\"" /D "_MBCS" /FD /RTC1 /MDd /Fo"cmTryCompileExec1661301402.dir\Debug\\" /Fd"D:\Sim_Devel\svn\openrails\Source\3rdPartyLibs\openal-soft\build\CMakeFiles\CMakeTmp\Debug/cmTryCompileExec1661301402.pdb" /W3 /c /Zi /TC   -msse
1>   ".\src.c"
1>cl : Command line warning D9002 : ignoring unknown option '-msse'
1>src.c
1>Compiling manifest to resources...
1>Microsoft (R) Windows (R) Resource Compiler Version 6.1.6723.1
1>Copyright (C) Microsoft Corporation.  All rights reserved.
1>Linking...
1>Embedding manifest...
1>Microsoft (R) Windows (R) Resource Compiler Version 6.1.6723.1
1>Copyright (C) Microsoft Corporation.  All rights reserved.
1>Build log was saved at "file://d:\Sim_Devel\svn\openrails\Source\3rdPartyLibs\openal-soft\build\CMakeFiles\CMakeTmp\cmTryCompileExec1661301402.dir\Debug\BuildLog.htm"
1>cmTryCompileExec1661301402 - 0 error(s), 1 warning(s)
========== Build: 1 succeeded, 0 failed, 0 up-to-date, 0 skipped ==========

Source file was:

Determining if the include file malloc.h exists passed with the following output:
Change Dir: D:/Sim_Devel/svn/openrails/Source/3rdPartyLibs/openal-soft/build/CMakeFiles/CMakeTmp

Run Build Command:C:\PROGRA~2\MICROS~2.0\Common7\IDE\VCExpress.exe CMAKE_TRY_COMPILE.sln /build Debug /project cmTryCompileExec1207805139

Microsoft (R) Visual C++ Express Edition Version 9.0.30729.1.
Copyright (C) Microsoft Corp 2007. All rights reserved.
1>------ Build started: Project: cmTryCompileExec1207805139, Configuration: Debug Win32 ------
1>Compiling...
1>Microsoft (R) 32-bit C/C++ Optimizing Compiler Version 15.00.30729.01 for 80x86
1>Copyright (C) Microsoft Corporation.  All rights reserved.
1>cl /Od /I "C:\Program Files (x86)\Microsoft DirectX SDK (August 2009)\Include" /D "WIN32" /D "_WINDOWS" /D "_DEBUG" /D "CMAKE_INTDIR=\"Debug\"" /D "_MBCS" /FD /RTC1 /MDd /Fo"cmTryCompileExec1207805139.dir\Debug\\" /Fd"D:\Sim_Devel\svn\openrails\Source\3rdPartyLibs\openal-soft\build\CMakeFiles\CMakeTmp\Debug/cmTryCompileExec1207805139.pdb" /W3 /c /Zi /TC ".\CheckIncludeFile.c"
1>CheckIncludeFile.c
1>Compiling manifest to resources...
1>Microsoft (R) Windows (R) Resource Compiler Version 6.1.6723.1
1>Copyright (C) Microsoft Corporation.  All rights reserved.
1>Linking...
1>Embedding manifest...
1>Microsoft (R) Windows (R) Resource Compiler Version 6.1.6723.1
1>Copyright (C) Microsoft Corporation.  All rights reserved.
1>Build log was saved at "file://d:\Sim_Devel\svn\openrails\Source\3rdPartyLibs\openal-soft\build\CMakeFiles\CMakeTmp\cmTryCompileExec1207805139.dir\Debug\BuildLog.htm"
1>cmTryCompileExec1207805139 - 0 error(s), 0 warning(s)
========== Build: 1 succeeded, 0 failed, 0 up-to-date, 0 skipped ==========


Determining if the include file float.h exists passed with the following output:
Change Dir: D:/Sim_Devel/svn/openrails/Source/3rdPartyLibs/openal-soft/build/CMakeFiles/CMakeTmp

Run Build Command:C:\PROGRA~2\MICROS~2.0\Common7\IDE\VCExpress.exe CMAKE_TRY_COMPILE.sln /build Debug /project cmTryCompileExec3864935393

Microsoft (R) Visual C++ Express Edition Version 9.0.30729.1.
Copyright (C) Microsoft Corp 2007. All rights reserved.
1>------ Build started: Project: cmTryCompileExec3864935393, Configuration: Debug Win32 ------
1>Compiling...
1>Microsoft (R) 32-bit C/C++ Optimizing Compiler Version 15.00.30729.01 for 80x86
1>Copyright (C) Microsoft Corporation.  All rights reserved.
1>cl /Od /I "C:\Program Files (x86)\Microsoft DirectX SDK (August 2009)\Include" /D "WIN32" /D "_WINDOWS" /D "_DEBUG" /D "CMAKE_INTDIR=\"Debug\"" /D "_MBCS" /FD /RTC1 /MDd /Fo"cmTryCompileExec3864935393.dir\Debug\\" /Fd"D:\Sim_Devel\svn\openrails\Source\3rdPartyLibs\openal-soft\build\CMakeFiles\CMakeTmp\Debug/cmTryCompileExec3864935393.pdb" /W3 /c /Zi /TC ".\CheckIncludeFile.c"
1>CheckIncludeFile.c
1>Compiling manifest to resources...
1>Microsoft (R) Windows (R) Resource Compiler Version 6.1.6723.1
1>Copyright (C) Microsoft Corporation.  All rights reserved.
1>Linking...
1>Embedding manifest...
1>Microsoft (R) Windows (R) Resource Compiler Version 6.1.6723.1
1>Copyright (C) Microsoft Corporation.  All rights reserved.
1>Build log was saved at "file://d:\Sim_Devel\svn\openrails\Source\3rdPartyLibs\openal-soft\build\CMakeFiles\CMakeTmp\cmTryCompileExec3864935393.dir\Debug\BuildLog.htm"
1>cmTryCompileExec3864935393 - 0 error(s), 0 warning(s)
========== Build: 1 succeeded, 0 failed, 0 up-to-date, 0 skipped ==========


Determining if the include file guiddef.h exists passed with the following output:
Change Dir: D:/Sim_Devel/svn/openrails/Source/3rdPartyLibs/openal-soft/build/CMakeFiles/CMakeTmp

Run Build Command:C:\PROGRA~2\MICROS~2.0\Common7\IDE\VCExpress.exe CMAKE_TRY_COMPILE.sln /build Debug /project cmTryCompileExec688942751

Microsoft (R) Visual C++ Express Edition Version 9.0.30729.1.
Copyright (C) Microsoft Corp 2007. All rights reserved.
1>------ Build started: Project: cmTryCompileExec688942751, Configuration: Debug Win32 ------
1>Compiling...
1>Microsoft (R) 32-bit C/C++ Optimizing Compiler Version 15.00.30729.01 for 80x86
1>Copyright (C) Microsoft Corporation.  All rights reserved.
1>cl /Od /I "C:\Program Files (x86)\Microsoft DirectX SDK (August 2009)\Include" /D "WIN32" /D "_WINDOWS" /D "_DEBUG" /D "CMAKE_INTDIR=\"Debug\"" /D "_MBCS" /FD /RTC1 /MDd /Fo"cmTryCompileExec688942751.dir\Debug\\" /Fd"D:\Sim_Devel\svn\openrails\Source\3rdPartyLibs\openal-soft\build\CMakeFiles\CMakeTmp\Debug/cmTryCompileExec688942751.pdb" /W3 /c /Zi /TC ".\CheckIncludeFile.c"
1>CheckIncludeFile.c
1>Compiling manifest to resources...
1>Microsoft (R) Windows (R) Resource Compiler Version 6.1.6723.1
1>Copyright (C) Microsoft Corporation.  All rights reserved.
1>Linking...
1>Embedding manifest...
1>Microsoft (R) Windows (R) Resource Compiler Version 6.1.6723.1
1>Copyright (C) Microsoft Corporation.  All rights reserved.
1>Build log was saved at "file://d:\Sim_Devel\svn\openrails\Source\3rdPartyLibs\openal-soft\build\CMakeFiles\CMakeTmp\cmTryCompileExec688942751.dir\Debug\BuildLog.htm"
1>cmTryCompileExec688942751 - 0 error(s), 0 warning(s)
========== Build: 1 succeeded, 0 failed, 0 up-to-date, 0 skipped ==========


Determining if the _aligned_malloc exist passed with the following output:
Change Dir: D:/Sim_Devel/svn/openrails/Source/3rdPartyLibs/openal-soft/build/CMakeFiles/CMakeTmp

Run Build Command:C:\PROGRA~2\MICROS~2.0\Common7\IDE\VCExpress.exe CMAKE_TRY_COMPILE.sln /build Debug /project cmTryCompileExec3140011594

Microsoft (R) Visual C++ Express Edition Version 9.0.30729.1.
Copyright (C) Microsoft Corp 2007. All rights reserved.
1>------ Build started: Project: cmTryCompileExec3140011594, Configuration: Debug Win32 ------
1>Compiling...
1>Microsoft (R) 32-bit C/C++ Optimizing Compiler Version 15.00.30729.01 for 80x86
1>Copyright (C) Microsoft Corporation.  All rights reserved.
1>cl /Od /I "C:\Program Files (x86)\Microsoft DirectX SDK (August 2009)\Include" /D "WIN32" /D "_WINDOWS" /D "_DEBUG" /D "CMAKE_INTDIR=\"Debug\"" /D "_MBCS" /FD /RTC1 /MDd /Fo"cmTryCompileExec3140011594.dir\Debug\\" /Fd"D:\Sim_Devel\svn\openrails\Source\3rdPartyLibs\openal-soft\build\CMakeFiles\CMakeTmp\Debug/cmTryCompileExec3140011594.pdb" /W3 /c /Zi /TC ".\CheckSymbolExists.c"
1>CheckSymbolExists.c
1>Compiling manifest to resources...
1>Microsoft (R) Windows (R) Resource Compiler Version 6.1.6723.1
1>Copyright (C) Microsoft Corporation.  All rights reserved.
1>Linking...
1>Embedding manifest...
1>Microsoft (R) Windows (R) Resource Compiler Version 6.1.6723.1
1>Copyright (C) Microsoft Corporation.  All rights reserved.
1>Build log was saved at "file://d:\Sim_Devel\svn\openrails\Source\3rdPartyLibs\openal-soft\build\CMakeFiles\CMakeTmp\cmTryCompileExec3140011594.dir\Debug\BuildLog.htm"
1>cmTryCompileExec3140011594 - 0 error(s), 0 warning(s)
========== Build: 1 succeeded, 0 failed, 0 up-to-date, 0 skipped ==========

File D:/Sim_Devel/svn/openrails/Source/3rdPartyLibs/openal-soft/build/CMakeFiles/CMakeTmp/CheckSymbolExists.c:
/* */
#include <malloc.h>

int main(int argc, char** argv)
{
  (void)argv;
#ifndef _aligned_malloc
  return ((int*)(&_aligned_malloc))[argc];
#else
  (void)argc;
  return 0;
#endif
}

Determining if the _controlfp exist passed with the following output:
Change Dir: D:/Sim_Devel/svn/openrails/Source/3rdPartyLibs/openal-soft/build/CMakeFiles/CMakeTmp

Run Build Command:C:\PROGRA~2\MICROS~2.0\Common7\IDE\VCExpress.exe CMAKE_TRY_COMPILE.sln /build Debug /project cmTryCompileExec4022202268

Microsoft (R) Visual C++ Express Edition Version 9.0.30729.1.
Copyright (C) Microsoft Corp 2007. All rights reserved.
1>------ Build started: Project: cmTryCompileExec4022202268, Configuration: Debug Win32 ------
1>Compiling...
1>Microsoft (R) 32-bit C/C++ Optimizing Compiler Version 15.00.30729.01 for 80x86
1>Copyright (C) Microsoft Corporation.  All rights reserved.
1>cl /Od /I "C:\Program Files (x86)\Microsoft DirectX SDK (August 2009)\Include" /D "WIN32" /D "_WINDOWS" /D "_DEBUG" /D "CMAKE_INTDIR=\"Debug\"" /D "_MBCS" /FD /RTC1 /MDd /Fo"cmTryCompileExec4022202268.dir\Debug\\" /Fd"D:\Sim_Devel\svn\openrails\Source\3rdPartyLibs\openal-soft\build\CMakeFiles\CMakeTmp\Debug/cmTryCompileExec4022202268.pdb" /W3 /c /Zi /TC ".\CheckSymbolExists.c"
1>CheckSymbolExists.c
1>.\CheckSymbolExists.c(8) : warning C4996: '_controlfp': This function or variable may be unsafe. Consider using _controlfp_s instead. To disable deprecation, use _CRT_SECURE_NO_WARNINGS. See online help for details.
1>        C:\Program Files (x86)\Microsoft Visual Studio 9.0\VC\include\float.h(88) : see declaration of '_controlfp'
1>Compiling manifest to resources...
1>Microsoft (R) Windows (R) Resource Compiler Version 6.1.6723.1
1>Copyright (C) Microsoft Corporation.  All rights reserved.
1>Linking...
1>Embedding manifest...
1>Microsoft (R) Windows (R) Resource Compiler Version 6.1.6723.1
1>Copyright (C) Microsoft Corporation.  All rights reserved.
1>Build log was saved at "file://d:\Sim_Devel\svn\openrails\Source\3rdPartyLibs\openal-soft\build\CMakeFiles\CMakeTmp\cmTryCompileExec4022202268.dir\Debug\BuildLog.htm"
1>cmTryCompileExec4022202268 - 0 error(s), 1 warning(s)
========== Build: 1 succeeded, 0 failed, 0 up-to-date, 0 skipped ==========

File D:/Sim_Devel/svn/openrails/Source/3rdPartyLibs/openal-soft/build/CMakeFiles/CMakeTmp/CheckSymbolExists.c:
/* */
#include <float.h>

int main(int argc, char** argv)
{
  (void)argv;
#ifndef _controlfp
  return ((int*)(&_controlfp))[argc];
#else
  (void)argc;
  return 0;
#endif
}

Determining if the __control87_2 exist passed with the following output:
Change Dir: D:/Sim_Devel/svn/openrails/Source/3rdPartyLibs/openal-soft/build/CMakeFiles/CMakeTmp

Run Build Command:C:\PROGRA~2\MICROS~2.0\Common7\IDE\VCExpress.exe CMAKE_TRY_COMPILE.sln /build Debug /project cmTryCompileExec2555497163

Microsoft (R) Visual C++ Express Edition Version 9.0.30729.1.
Copyright (C) Microsoft Corp 2007. All rights reserved.
1>------ Build started: Project: cmTryCompileExec2555497163, Configuration: Debug Win32 ------
1>Compiling...
1>Microsoft (R) 32-bit C/C++ Optimizing Compiler Version 15.00.30729.01 for 80x86
1>Copyright (C) Microsoft Corporation.  All rights reserved.
1>cl /Od /I "C:\Program Files (x86)\Microsoft DirectX SDK (August 2009)\Include" /D "WIN32" /D "_WINDOWS" /D "_DEBUG" /D "CMAKE_INTDIR=\"Debug\"" /D "_MBCS" /FD /RTC1 /MDd /Fo"cmTryCompileExec2555497163.dir\Debug\\" /Fd"D:\Sim_Devel\svn\openrails\Source\3rdPartyLibs\openal-soft\build\CMakeFiles\CMakeTmp\Debug/cmTryCompileExec2555497163.pdb" /W3 /c /Zi /TC ".\CheckSymbolExists.c"
1>CheckSymbolExists.c
1>Compiling manifest to resources...
1>Microsoft (R) Windows (R) Resource Compiler Version 6.1.6723.1
1>Copyright (C) Microsoft Corporation.  All rights reserved.
1>Linking...
1>Embedding manifest...
1>Microsoft (R) Windows (R) Resource Compiler Version 6.1.6723.1
1>Copyright (C) Microsoft Corporation.  All rights reserved.
1>Build log was saved at "file://d:\Sim_Devel\svn\openrails\Source\3rdPartyLibs\openal-soft\build\CMakeFiles\CMakeTmp\cmTryCompileExec2555497163.dir\Debug\BuildLog.htm"
1>cmTryCompileExec2555497163 - 0 error(s), 0 warning(s)
========== Build: 1 succeeded, 0 failed, 0 up-to-date, 0 skipped ==========

File D:/Sim_Devel/svn/openrails/Source/3rdPartyLibs/openal-soft/build/CMakeFiles/CMakeTmp/CheckSymbolExists.c:
/* */
#include <float.h>

int main(int argc, char** argv)
{
  (void)argv;
#ifndef __control87_2
  return ((int*)(&__control87_2))[argc];
#else
  (void)argc;
  return 0;
#endif
}

Determining if the function stat exists passed with the following output:
Change Dir: D:/Sim_Devel/svn/openrails/Source/3rdPartyLibs/openal-soft/build/CMakeFiles/CMakeTmp

Run Build Command:C:\PROGRA~2\MICROS~2.0\Common7\IDE\VCExpress.exe CMAKE_TRY_COMPILE.sln /build Debug /project cmTryCompileExec3629082756

Microsoft (R) Visual C++ Express Edition Version 9.0.30729.1.
Copyright (C) Microsoft Corp 2007. All rights reserved.
1>------ Build started: Project: cmTryCompileExec3629082756, Configuration: Debug Win32 ------
1>Compiling...
1>Microsoft (R) 32-bit C/C++ Optimizing Compiler Version 15.00.30729.01 for 80x86
1>Copyright (C) Microsoft Corporation.  All rights reserved.
1>cl /Od /I "C:\Program Files (x86)\Microsoft DirectX SDK (August 2009)\Include" /D "WIN32" /D "_WINDOWS" /D "CHECK_FUNCTION_EXISTS=stat" /D "_DEBUG" /D "CMAKE_INTDIR=\"Debug\"" /D "_MBCS" /FD /RTC1 /MDd /Fo"cmTryCompileExec3629082756.dir\Debug\\" /Fd"D:\Sim_Devel\svn\openrails\Source\3rdPartyLibs\openal-soft\build\CMakeFiles\CMakeTmp\Debug/cmTryCompileExec3629082756.pdb" /W3 /c /Zi /TC "C:\Program Files (x86)\CMake 2.8\share\cmake-2.8\Modules\CheckFunctionExists.c"
1>CheckFunctionExists.c
1>Compiling manifest to resources...
1>Microsoft (R) Windows (R) Resource Compiler Version 6.1.6723.1
1>Copyright (C) Microsoft Corporation.  All rights reserved.
1>Linking...
1>Embedding manifest...
1>Microsoft (R) Windows (R) Resource Compiler Version 6.1.6723.1
1>Copyright (C) Microsoft Corporation.  All rights reserved.
1>Build log was saved at "file://d:\Sim_Devel\svn\openrails\Source\3rdPartyLibs\openal-soft\build\CMakeFiles\CMakeTmp\cmTryCompileExec3629082756.dir\Debug\BuildLog.htm"
1>cmTryCompileExec3629082756 - 0 error(s), 0 warning(s)
========== Build: 1 succeeded, 0 failed, 0 up-to-date, 0 skipped ==========


Determining if the function _stricmp exists passed with the following output:
Change Dir: D:/Sim_Devel/svn/openrails/Source/3rdPartyLibs/openal-soft/build/CMakeFiles/CMakeTmp

Run Build Command:C:\PROGRA~2\MICROS~2.0\Common7\IDE\VCExpress.exe CMAKE_TRY_COMPILE.sln /build Debug /project cmTryCompileExec1171730652

Microsoft (R) Visual C++ Express Edition Version 9.0.30729.1.
Copyright (C) Microsoft Corp 2007. All rights reserved.
1>------ Build started: Project: cmTryCompileExec1171730652, Configuration: Debug Win32 ------
1>Compiling...
1>Microsoft (R) 32-bit C/C++ Optimizing Compiler Version 15.00.30729.01 for 80x86
1>Copyright (C) Microsoft Corporation.  All rights reserved.
1>cl /Od /I "C:\Program Files (x86)\Microsoft DirectX SDK (August 2009)\Include" /D "WIN32" /D "_WINDOWS" /D "CHECK_FUNCTION_EXISTS=_stricmp" /D "_DEBUG" /D "CMAKE_INTDIR=\"Debug\"" /D "_MBCS" /FD /RTC1 /MDd /Fo"cmTryCompileExec1171730652.dir\Debug\\" /Fd"D:\Sim_Devel\svn\openrails\Source\3rdPartyLibs\openal-soft\build\CMakeFiles\CMakeTmp\Debug/cmTryCompileExec1171730652.pdb" /W3 /c /Zi /TC "C:\Program Files (x86)\CMake 2.8\share\cmake-2.8\Modules\CheckFunctionExists.c"
1>CheckFunctionExists.c
1>Compiling manifest to resources...
1>Microsoft (R) Windows (R) Resource Compiler Version 6.1.6723.1
1>Copyright (C) Microsoft Corporation.  All rights reserved.
1>Linking...
1>Embedding manifest...
1>Microsoft (R) Windows (R) Resource Compiler Version 6.1.6723.1
1>Copyright (C) Microsoft Corporation.  All rights reserved.
1>Build log was saved at "file://d:\Sim_Devel\svn\openrails\Source\3rdPartyLibs\openal-soft\build\CMakeFiles\CMakeTmp\cmTryCompileExec1171730652.dir\Debug\BuildLog.htm"
1>cmTryCompileExec1171730652 - 0 error(s), 0 warning(s)
========== Build: 1 succeeded, 0 failed, 0 up-to-date, 0 skipped ==========


Determining if the function _strnicmp exists passed with the following output:
Change Dir: D:/Sim_Devel/svn/openrails/Source/3rdPartyLibs/openal-soft/build/CMakeFiles/CMakeTmp

Run Build Command:C:\PROGRA~2\MICROS~2.0\Common7\IDE\VCExpress.exe CMAKE_TRY_COMPILE.sln /build Debug /project cmTryCompileExec2339889689

Microsoft (R) Visual C++ Express Edition Version 9.0.30729.1.
Copyright (C) Microsoft Corp 2007. All rights reserved.
1>------ Build started: Project: cmTryCompileExec2339889689, Configuration: Debug Win32 ------
1>Compiling...
1>Microsoft (R) 32-bit C/C++ Optimizing Compiler Version 15.00.30729.01 for 80x86
1>Copyright (C) Microsoft Corporation.  All rights reserved.
1>cl /Od /I "C:\Program Files (x86)\Microsoft DirectX SDK (August 2009)\Include" /D "WIN32" /D "_WINDOWS" /D "CHECK_FUNCTION_EXISTS=_strnicmp" /D "_DEBUG" /D "CMAKE_INTDIR=\"Debug\"" /D "_MBCS" /FD /RTC1 /MDd /Fo"cmTryCompileExec2339889689.dir\Debug\\" /Fd"D:\Sim_Devel\svn\openrails\Source\3rdPartyLibs\openal-soft\build\CMakeFiles\CMakeTmp\Debug/cmTryCompileExec2339889689.pdb" /W3 /c /Zi /TC "C:\Program Files (x86)\CMake 2.8\share\cmake-2.8\Modules\CheckFunctionExists.c"
1>CheckFunctionExists.c
1>Compiling manifest to resources...
1>Microsoft (R) Windows (R) Resource Compiler Version 6.1.6723.1
1>Copyright (C) Microsoft Corporation.  All rights reserved.
1>Linking...
1>Embedding manifest...
1>Microsoft (R) Windows (R) Resource Compiler Version 6.1.6723.1
1>Copyright (C) Microsoft Corporation.  All rights reserved.
1>Build log was saved at "file://d:\Sim_Devel\svn\openrails\Source\3rdPartyLibs\openal-soft\build\CMakeFiles\CMakeTmp\cmTryCompileExec2339889689.dir\Debug\BuildLog.htm"
1>cmTryCompileExec2339889689 - 0 error(s), 0 warning(s)
========== Build: 1 succeeded, 0 failed, 0 up-to-date, 0 skipped ==========


Determining if the function _snprintf exists passed with the following output:
Change Dir: D:/Sim_Devel/svn/openrails/Source/3rdPartyLibs/openal-soft/build/CMakeFiles/CMakeTmp

Run Build Command:C:\PROGRA~2\MICROS~2.0\Common7\IDE\VCExpress.exe CMAKE_TRY_COMPILE.sln /build Debug /project cmTryCompileExec4182341076

Microsoft (R) Visual C++ Express Edition Version 9.0.30729.1.
Copyright (C) Microsoft Corp 2007. All rights reserved.
1>------ Build started: Project: cmTryCompileExec4182341076, Configuration: Debug Win32 ------
1>Compiling...
1>Microsoft (R) 32-bit C/C++ Optimizing Compiler Version 15.00.30729.01 for 80x86
1>Copyright (C) Microsoft Corporation.  All rights reserved.
1>cl /Od /I "C:\Program Files (x86)\Microsoft DirectX SDK (August 2009)\Include" /D "WIN32" /D "_WINDOWS" /D "CHECK_FUNCTION_EXISTS=_snprintf" /D "_DEBUG" /D "CMAKE_INTDIR=\"Debug\"" /D "_MBCS" /FD /RTC1 /MDd /Fo"cmTryCompileExec4182341076.dir\Debug\\" /Fd"D:\Sim_Devel\svn\openrails\Source\3rdPartyLibs\openal-soft\build\CMakeFiles\CMakeTmp\Debug/cmTryCompileExec4182341076.pdb" /W3 /c /Zi /TC "C:\Program Files (x86)\CMake 2.8\share\cmake-2.8\Modules\CheckFunctionExists.c"
1>CheckFunctionExists.c
1>Compiling manifest to resources...
1>Microsoft (R) Windows (R) Resource Compiler Version 6.1.6723.1
1>Copyright (C) Microsoft Corporation.  All rights reserved.
1>Linking...
1>Embedding manifest...
1>Microsoft (R) Windows (R) Resource Compiler Version 6.1.6723.1
1>Copyright (C) Microsoft Corporation.  All rights reserved.
1>Build log was saved at "file://d:\Sim_Devel\svn\openrails\Source\3rdPartyLibs\openal-soft\build\CMakeFiles\CMakeTmp\cmTryCompileExec4182341076.dir\Debug\BuildLog.htm"
1>cmTryCompileExec4182341076 - 0 error(s), 0 warning(s)
========== Build: 1 succeeded, 0 failed, 0 up-to-date, 0 skipped ==========


Determining if the function vsnprintf exists passed with the following output:
Change Dir: D:/Sim_Devel/svn/openrails/Source/3rdPartyLibs/openal-soft/build/CMakeFiles/CMakeTmp

Run Build Command:C:\PROGRA~2\MICROS~2.0\Common7\IDE\VCExpress.exe CMAKE_TRY_COMPILE.sln /build Debug /project cmTryCompileExec3536546495

Microsoft (R) Visual C++ Express Edition Version 9.0.30729.1.
Copyright (C) Microsoft Corp 2007. All rights reserved.
1>------ Build started: Project: cmTryCompileExec3536546495, Configuration: Debug Win32 ------
1>Compiling...
1>Microsoft (R) 32-bit C/C++ Optimizing Compiler Version 15.00.30729.01 for 80x86
1>Copyright (C) Microsoft Corporation.  All rights reserved.
1>cl /Od /I "C:\Program Files (x86)\Microsoft DirectX SDK (August 2009)\Include" /D "WIN32" /D "_WINDOWS" /D "CHECK_FUNCTION_EXISTS=vsnprintf" /D "_DEBUG" /D "CMAKE_INTDIR=\"Debug\"" /D "_MBCS" /FD /RTC1 /MDd /Fo"cmTryCompileExec3536546495.dir\Debug\\" /Fd"D:\Sim_Devel\svn\openrails\Source\3rdPartyLibs\openal-soft\build\CMakeFiles\CMakeTmp\Debug/cmTryCompileExec3536546495.pdb" /W3 /c /Zi /TC "C:\Program Files (x86)\CMake 2.8\share\cmake-2.8\Modules\CheckFunctionExists.c"
1>CheckFunctionExists.c
1>Compiling manifest to resources...
1>Microsoft (R) Windows (R) Resource Compiler Version 6.1.6723.1
1>Copyright (C) Microsoft Corporation.  All rights reserved.
1>Linking...
1>Embedding manifest...
1>Microsoft (R) Windows (R) Resource Compiler Version 6.1.6723.1
1>Copyright (C) Microsoft Corporation.  All rights reserved.
1>Build log was saved at "file://d:\Sim_Devel\svn\openrails\Source\3rdPartyLibs\openal-soft\build\CMakeFiles\CMakeTmp\cmTryCompileExec3536546495.dir\Debug\BuildLog.htm"
1>cmTryCompileExec3536546495 - 0 error(s), 0 warning(s)
========== Build: 1 succeeded, 0 failed, 0 up-to-date, 0 skipped ==========


Determining if the function _finite exists passed with the following output:
Change Dir: D:/Sim_Devel/svn/openrails/Source/3rdPartyLibs/openal-soft/build/CMakeFiles/CMakeTmp

Run Build Command:C:\PROGRA~2\MICROS~2.0\Common7\IDE\VCExpress.exe CMAKE_TRY_COMPILE.sln /build Debug /project cmTryCompileExec582800638

Microsoft (R) Visual C++ Express Edition Version 9.0.30729.1.
Copyright (C) Microsoft Corp 2007. All rights reserved.
1>------ Build started: Project: cmTryCompileExec582800638, Configuration: Debug Win32 ------
1>Compiling...
1>Microsoft (R) 32-bit C/C++ Optimizing Compiler Version 15.00.30729.01 for 80x86
1>Copyright (C) Microsoft Corporation.  All rights reserved.
1>cl /Od /I "C:\Program Files (x86)\Microsoft DirectX SDK (August 2009)\Include" /D "WIN32" /D "_WINDOWS" /D "CHECK_FUNCTION_EXISTS=_finite" /D "_DEBUG" /D "CMAKE_INTDIR=\"Debug\"" /D "_MBCS" /FD /RTC1 /MDd /Fo"cmTryCompileExec582800638.dir\Debug\\" /Fd"D:\Sim_Devel\svn\openrails\Source\3rdPartyLibs\openal-soft\build\CMakeFiles\CMakeTmp\Debug/cmTryCompileExec582800638.pdb" /W3 /c /Zi /TC "C:\Program Files (x86)\CMake 2.8\share\cmake-2.8\Modules\CheckFunctionExists.c"
1>CheckFunctionExists.c
1>Compiling manifest to resources...
1>Microsoft (R) Windows (R) Resource Compiler Version 6.1.6723.1
1>Copyright (C) Microsoft Corporation.  All rights reserved.
1>Linking...
1>Embedding manifest...
1>Microsoft (R) Windows (R) Resource Compiler Version 6.1.6723.1
1>Copyright (C) Microsoft Corporation.  All rights reserved.
1>Build log was saved at "file://d:\Sim_Devel\svn\openrails\Source\3rdPartyLibs\openal-soft\build\CMakeFiles\CMakeTmp\cmTryCompileExec582800638.dir\Debug\BuildLog.htm"
1>cmTryCompileExec582800638 - 0 error(s), 0 warning(s)
========== Build: 1 succeeded, 0 failed, 0 up-to-date, 0 skipped ==========


Determining if the function _isnan exists passed with the following output:
Change Dir: D:/Sim_Devel/svn/openrails/Source/3rdPartyLibs/openal-soft/build/CMakeFiles/CMakeTmp

Run Build Command:C:\PROGRA~2\MICROS~2.0\Common7\IDE\VCExpress.exe CMAKE_TRY_COMPILE.sln /build Debug /project cmTryCompileExec2588868275

Microsoft (R) Visual C++ Express Edition Version 9.0.30729.1.
Copyright (C) Microsoft Corp 2007. All rights reserved.
1>------ Build started: Project: cmTryCompileExec2588868275, Configuration: Debug Win32 ------
1>Compiling...
1>Microsoft (R) 32-bit C/C++ Optimizing Compiler Version 15.00.30729.01 for 80x86
1>Copyright (C) Microsoft Corporation.  All rights reserved.
1>cl /Od /I "C:\Program Files (x86)\Microsoft DirectX SDK (August 2009)\Include" /D "WIN32" /D "_WINDOWS" /D "CHECK_FUNCTION_EXISTS=_isnan" /D "_DEBUG" /D "CMAKE_INTDIR=\"Debug\"" /D "_MBCS" /FD /RTC1 /MDd /Fo"cmTryCompileExec2588868275.dir\Debug\\" /Fd"D:\Sim_Devel\svn\openrails\Source\3rdPartyLibs\openal-soft\build\CMakeFiles\CMakeTmp\Debug/cmTryCompileExec2588868275.pdb" /W3 /c /Zi /TC "C:\Program Files (x86)\CMake 2.8\share\cmake-2.8\Modules\CheckFunctionExists.c"
1>CheckFunctionExists.c
1>Compiling manifest to resources...
1>Microsoft (R) Windows (R) Resource Compiler Version 6.1.6723.1
1>Copyright (C) Microsoft Corporation.  All rights reserved.
1>Linking...
1>Embedding manifest...
1>Microsoft (R) Windows (R) Resource Compiler Version 6.1.6723.1
1>Copyright (C) Microsoft Corporation.  All rights reserved.
1>Build log was saved at "file://d:\Sim_Devel\svn\openrails\Source\3rdPartyLibs\openal-soft\build\CMakeFiles\CMakeTmp\cmTryCompileExec2588868275.dir\Debug\BuildLog.htm"
1>cmTryCompileExec2588868275 - 0 error(s), 0 warning(s)
========== Build: 1 succeeded, 0 failed, 0 up-to-date, 0 skipped ==========


Determining if the include file windows.h exists passed with the following output:
Change Dir: D:/Sim_Devel/svn/openrails/Source/3rdPartyLibs/openal-soft/build/CMakeFiles/CMakeTmp

Run Build Command:C:\PROGRA~2\MICROS~2.0\Common7\IDE\VCExpress.exe CMAKE_TRY_COMPILE.sln /build Debug /project cmTryCompileExec1760527245

Microsoft (R) Visual C++ Express Edition Version 9.0.30729.1.
Copyright (C) Microsoft Corp 2007. All rights reserved.
1>------ Build started: Project: cmTryCompileExec1760527245, Configuration: Debug Win32 ------
1>Compiling...
1>Microsoft (R) 32-bit C/C++ Optimizing Compiler Version 15.00.30729.01 for 80x86
1>Copyright (C) Microsoft Corporation.  All rights reserved.
1>cl /Od /I "C:\Program Files (x86)\Microsoft DirectX SDK (August 2009)\Include" /D "WIN32" /D "_WINDOWS" /D "_WIN32_WINNT=0x0501" /D "_DEBUG" /D "CMAKE_INTDIR=\"Debug\"" /D "_MBCS" /FD /RTC1 /MDd /Fo"cmTryCompileExec1760527245.dir\Debug\\" /Fd"D:\Sim_Devel\svn\openrails\Source\3rdPartyLibs\openal-soft\build\CMakeFiles\CMakeTmp\Debug/cmTryCompileExec1760527245.pdb" /W3 /c /Zi /TC ".\CheckIncludeFile.c"
1>CheckIncludeFile.c
1>Compiling manifest to resources...
1>Microsoft (R) Windows (R) Resource Compiler Version 6.1.6723.1
1>Copyright (C) Microsoft Corporation.  All rights reserved.
1>Linking...
1>Embedding manifest...
1>Microsoft (R) Windows (R) Resource Compiler Version 6.1.6723.1
1>Copyright (C) Microsoft Corporation.  All rights reserved.
1>Build log was saved at "file://d:\Sim_Devel\svn\openrails\Source\3rdPartyLibs\openal-soft\build\CMakeFiles\CMakeTmp\cmTryCompileExec1760527245.dir\Debug\BuildLog.htm"
1>cmTryCompileExec1760527245 - 0 error(s), 0 warning(s)
========== Build: 1 succeeded, 0 failed, 0 up-to-date, 0 skipped ==========


Performing C SOURCE FILE Test HAVE___INT64 succeded with the following output:
Change Dir: D:/Sim_Devel/svn/openrails/Source/3rdPartyLibs/openal-soft/build/CMakeFiles/CMakeTmp

Run Build Command:C:\PROGRA~2\MICROS~2.0\Common7\IDE\VCExpress.exe CMAKE_TRY_COMPILE.sln /build Debug /project cmTryCompileExec2557573390

Microsoft (R) Visual C++ Express Edition Version 9.0.30729.1.
Copyright (C) Microsoft Corp 2007. All rights reserved.
1>------ Build started: Project: cmTryCompileExec2557573390, Configuration: Debug Win32 ------
1>Compiling...
1>Microsoft (R) 32-bit C/C++ Optimizing Compiler Version 15.00.30729.01 for 80x86
1>Copyright (C) Microsoft Corporation.  All rights reserved.
1>cl /Od /I "C:\Program Files (x86)\Microsoft DirectX SDK (August 2009)\Include" /D "WIN32" /D "_WINDOWS" /D "HAVE___INT64" /D "_DEBUG" /D "CMAKE_INTDIR=\"Debug\"" /D "_MBCS" /FD /RTC1 /MDd /Fo"cmTryCompileExec2557573390.dir\Debug\\" /Fd"D:\Sim_Devel\svn\openrails\Source\3rdPartyLibs\openal-soft\build\CMakeFiles\CMakeTmp\Debug/cmTryCompileExec2557573390.pdb" /W3 /c /Zi /TC ".\src.c"
1>src.c
1>Compiling manifest to resources...
1>Microsoft (R) Windows (R) Resource Compiler Version 6.1.6723.1
1>Copyright (C) Microsoft Corporation.  All rights reserved.
1>Linking...
1>Embedding manifest...
1>Microsoft (R) Windows (R) Resource Compiler Version 6.1.6723.1
1>Copyright (C) Microsoft Corporation.  All rights reserved.
1>Build log was saved at "file://d:\Sim_Devel\svn\openrails\Source\3rdPartyLibs\openal-soft\build\CMakeFiles\CMakeTmp\cmTryCompileExec2557573390.dir\Debug\BuildLog.htm"
1>cmTryCompileExec2557573390 - 0 error(s), 0 warning(s)
========== Build: 1 succeeded, 0 failed, 0 up-to-date, 0 skipped ==========

Source file was:
#define _WIN32_WINNT 0x0501
                                 #include <windows.h>
                                 __int64 foo;
                                 int main() {return 0;}
Determining if the timeGetTime exist in winmm passed with the following output:
Change Dir: D:/Sim_Devel/svn/openrails/Source/3rdPartyLibs/openal-soft/build/CMakeFiles/CMakeTmp

Run Build Command:C:\PROGRA~2\MICROS~2.0\Common7\IDE\VCExpress.exe CMAKE_TRY_COMPILE.sln /build Debug /project cmTryCompileExec1847764983

Microsoft (R) Visual C++ Express Edition Version 9.0.30729.1.
Copyright (C) Microsoft Corp 2007. All rights reserved.
1>------ Build started: Project: cmTryCompileExec1847764983, Configuration: Debug Win32 ------
1>Compiling...
1>Microsoft (R) 32-bit C/C++ Optimizing Compiler Version 15.00.30729.01 for 80x86
1>Copyright (C) Microsoft Corporation.  All rights reserved.
1>cl /Od /I "C:\Program Files (x86)\Microsoft DirectX SDK (August 2009)\Include" /D "WIN32" /D "_WINDOWS" /D "_DEBUG" /D "CMAKE_INTDIR=\"Debug\"" /D "_MBCS" /FD /RTC1 /MDd /Fo"cmTryCompileExec1847764983.dir\Debug\\" /Fd"D:\Sim_Devel\svn\openrails\Source\3rdPartyLibs\openal-soft\build\CMakeFiles\CMakeTmp\Debug/cmTryCompileExec1847764983.pdb" /W3 /c /Zi /TC ".\CheckSymbolExists.c"
1>CheckSymbolExists.c
1>Compiling manifest to resources...
1>Microsoft (R) Windows (R) Resource Compiler Version 6.1.6723.1
1>Copyright (C) Microsoft Corporation.  All rights reserved.
1>Linking...
1>Embedding manifest...
1>Microsoft (R) Windows (R) Resource Compiler Version 6.1.6723.1
1>Copyright (C) Microsoft Corporation.  All rights reserved.
1>Build log was saved at "file://d:\Sim_Devel\svn\openrails\Source\3rdPartyLibs\openal-soft\build\CMakeFiles\CMakeTmp\cmTryCompileExec1847764983.dir\Debug\BuildLog.htm"
1>cmTryCompileExec1847764983 - 0 error(s), 0 warning(s)
========== Build: 1 succeeded, 0 failed, 0 up-to-date, 0 skipped ==========

File D:/Sim_Devel/svn/openrails/Source/3rdPartyLibs/openal-soft/build/CMakeFiles/CMakeTmp/CheckSymbolExists.c:
/* */
#include <windows.h>
#include <mmsystem.h>

void cmakeRequireSymbol(int dummy,...){(void)dummy;}
int main()
{
  cmakeRequireSymbol(0,&timeGetTime);
  return 0;
}

Determining if the include file xmmintrin.h exists passed with the following output:
Change Dir: D:/Sim_Devel/svn/openrails/Source/3rdPartyLibs/openal-soft/build/CMakeFiles/CMakeTmp

Run Build Command:C:\PROGRA~2\MICROS~2.0\Common7\IDE\VCExpress.exe CMAKE_TRY_COMPILE.sln /build Debug /project cmTryCompileExec548627787

Microsoft (R) Visual C++ Express Edition Version 9.0.30729.1.
Copyright (C) Microsoft Corp 2007. All rights reserved.
1>------ Build started: Project: cmTryCompileExec548627787, Configuration: Debug Win32 ------
1>Compiling...
1>Microsoft (R) 32-bit C/C++ Optimizing Compiler Version 15.00.30729.01 for 80x86
1>Copyright (C) Microsoft Corporation.  All rights reserved.
1>cl /Od /I "C:\Program Files (x86)\Microsoft DirectX SDK (August 2009)\Include" /D "WIN32" /D "_WINDOWS" /D "_DEBUG" /D "CMAKE_INTDIR=\"Debug\"" /D "_MBCS" /FD /RTC1 /MDd /Fo"cmTryCompileExec548627787.dir\Debug\\" /Fd"D:\Sim_Devel\svn\openrails\Source\3rdPartyLibs\openal-soft\build\CMakeFiles\CMakeTmp\Debug/cmTryCompileExec548627787.pdb" /W3 /c /Zi /TC   -msse
1>   ".\CheckIncludeFile.c"
1>cl : Command line warning D9002 : ignoring unknown option '-msse'
1>CheckIncludeFile.c
1>Compiling manifest to resources...
1>Microsoft (R) Windows (R) Resource Compiler Version 6.1.6723.1
1>Copyright (C) Microsoft Corporation.  All rights reserved.
1>Linking...
1>Embedding manifest...
1>Microsoft (R) Windows (R) Resource Compiler Version 6.1.6723.1
1>Copyright (C) Microsoft Corporation.  All rights reserved.
1>Build log was saved at "file://d:\Sim_Devel\svn\openrails\Source\3rdPartyLibs\openal-soft\build\CMakeFiles\CMakeTmp\cmTryCompileExec548627787.dir\Debug\BuildLog.htm"
1>cmTryCompileExec548627787 - 0 error(s), 1 warning(s)
========== Build: 1 succeeded, 0 failed, 0 up-to-date, 0 skipped ==========


Determining if the include file mmdeviceapi.h exists passed with the following output:
Change Dir: D:/Sim_Devel/svn/openrails/Source/3rdPartyLibs/openal-soft/build/CMakeFiles/CMakeTmp

Run Build Command:C:\PROGRA~2\MICROS~2.0\Common7\IDE\VCExpress.exe CMAKE_TRY_COMPILE.sln /build Debug /project cmTryCompileExec798310547

Microsoft (R) Visual C++ Express Edition Version 9.0.30729.1.
Copyright (C) Microsoft Corp 2007. All rights reserved.
1>------ Build started: Project: cmTryCompileExec798310547, Configuration: Debug Win32 ------
1>Compiling...
1>Microsoft (R) 32-bit C/C++ Optimizing Compiler Version 15.00.30729.01 for 80x86
1>Copyright (C) Microsoft Corporation.  All rights reserved.
1>cl /Od /I "C:\Program Files (x86)\Microsoft DirectX SDK (August 2009)\Include" /D "WIN32" /D "_WINDOWS" /D "_DEBUG" /D "CMAKE_INTDIR=\"Debug\"" /D "_MBCS" /FD /RTC1 /MDd /Fo"cmTryCompileExec798310547.dir\Debug\\" /Fd"D:\Sim_Devel\svn\openrails\Source\3rdPartyLibs\openal-soft\build\CMakeFiles\CMakeTmp\Debug/cmTryCompileExec798310547.pdb" /W3 /c /Zi /TC ".\CheckIncludeFile.c"
1>CheckIncludeFile.c
1>Compiling manifest to resources...
1>Microsoft (R) Windows (R) Resource Compiler Version 6.1.6723.1
1>Copyright (C) Microsoft Corporation.  All rights reserved.
1>Linking...
1>Embedding manifest...
1>Microsoft (R) Windows (R) Resource Compiler Version 6.1.6723.1
1>Copyright (C) Microsoft Corporation.  All rights reserved.
1>Build log was saved at "file://d:\Sim_Devel\svn\openrails\Source\3rdPartyLibs\openal-soft\build\CMakeFiles\CMakeTmp\cmTryCompileExec798310547.dir\Debug\BuildLog.htm"
1>cmTryCompileExec798310547 - 0 error(s), 0 warning(s)
========== Build: 1 succeeded, 0 failed, 0 up-to-date, 0 skipped ==========


Determining if the include file dsound.h exists passed with the following output:
Change Dir: D:/Sim_Devel/svn/openrails/Source/3rdPartyLibs/openal-soft/build/CMakeFiles/CMakeTmp

Run Build Command:C:\PROGRA~2\MICROS~2.0\Common7\IDE\VCExpress.exe CMAKE_TRY_COMPILE.sln /build Debug /project cmTryCompileExec1473598234

Microsoft (R) Visual C++ Express Edition Version 9.0.30729.1.
Copyright (C) Microsoft Corp 2007. All rights reserved.
1>------ Build started: Project: cmTryCompileExec1473598234, Configuration: Debug Win32 ------
1>Compiling...
1>Microsoft (R) 32-bit C/C++ Optimizing Compiler Version 15.00.30729.01 for 80x86
1>Copyright (C) Microsoft Corporation.  All rights reserved.
1>cl /Od /I "C:\Program Files (x86)\Microsoft DirectX SDK (August 2009)\Include" /D "WIN32" /D "_WINDOWS" /D "_DEBUG" /D "CMAKE_INTDIR=\"Debug\"" /D "_MBCS" /FD /RTC1 /MDd /Fo"cmTryCompileExec1473598234.dir\Debug\\" /Fd"D:\Sim_Devel\svn\openrails\Source\3rdPartyLibs\openal-soft\build\CMakeFiles\CMakeTmp\Debug/cmTryCompileExec1473598234.pdb" /W3 /c /Zi /TC ".\CheckIncludeFile.c"
1>CheckIncludeFile.c
1>Compiling manifest to resources...
1>Microsoft (R) Windows (R) Resource Compiler Version 6.1.6723.1
1>Copyright (C) Microsoft Corporation.  All rights reserved.
1>Linking...
1>Embedding manifest...
1>Microsoft (R) Windows (R) Resource Compiler Version 6.1.6723.1
1>Copyright (C) Microsoft Corporation.  All rights reserved.
1>Build log was saved at "file://d:\Sim_Devel\svn\openrails\Source\3rdPartyLibs\openal-soft\build\CMakeFiles\CMakeTmp\cmTryCompileExec1473598234.dir\Debug\BuildLog.htm"
1>cmTryCompileExec1473598234 - 0 error(s), 0 warning(s)
========== Build: 1 succeeded, 0 failed, 0 up-to-date, 0 skipped ==========


Determining if files windows.h;mmsystem.h exist passed with the following output:
Change Dir: D:/Sim_Devel/svn/openrails/Source/3rdPartyLibs/openal-soft/build/CMakeFiles/CMakeTmp

Run Build Command:C:\PROGRA~2\MICROS~2.0\Common7\IDE\VCExpress.exe CMAKE_TRY_COMPILE.sln /build Debug /project cmTryCompileExec1475366704

Microsoft (R) Visual C++ Express Edition Version 9.0.30729.1.
Copyright (C) Microsoft Corp 2007. All rights reserved.
1>------ Build started: Project: cmTryCompileExec1475366704, Configuration: Debug Win32 ------
1>Compiling...
1>Microsoft (R) 32-bit C/C++ Optimizing Compiler Version 15.00.30729.01 for 80x86
1>Copyright (C) Microsoft Corporation.  All rights reserved.
1>cl /Od /I "C:\Program Files (x86)\Microsoft DirectX SDK (August 2009)\Include" /D "WIN32" /D "_WINDOWS" /D "_DEBUG" /D "CMAKE_INTDIR=\"Debug\"" /D "_MBCS" /FD /RTC1 /MDd /Fo"cmTryCompileExec1475366704.dir\Debug\\" /Fd"D:\Sim_Devel\svn\openrails\Source\3rdPartyLibs\openal-soft\build\CMakeFiles\CMakeTmp\Debug/cmTryCompileExec1475366704.pdb" /W3 /c /Zi /TC ".\CheckIncludeFiles.c"
1>CheckIncludeFiles.c
1>Compiling manifest to resources...
1>Microsoft (R) Windows (R) Resource Compiler Version 6.1.6723.1
1>Copyright (C) Microsoft Corporation.  All rights reserved.
1>Linking...
1>Embedding manifest...
1>Microsoft (R) Windows (R) Resource Compiler Version 6.1.6723.1
1>Copyright (C) Microsoft Corporation.  All rights reserved.
1>Build log was saved at "file://d:\Sim_Devel\svn\openrails\Source\3rdPartyLibs\openal-soft\build\CMakeFiles\CMakeTmp\cmTryCompileExec1475366704.dir\Debug\BuildLog.htm"
1>cmTryCompileExec1475366704 - 0 error(s), 0 warning(s)
========== Build: 1 succeeded, 0 failed, 0 up-to-date, 0 skipped ==========


