[31-May-2014 19:07:49] PHP Warning:  filemtime() [<a href='function.filemtime'>function.filemtime</a>]: stat failed for ../../files/OR_X_source.zip in D:\web\openrails\web\or\dev\download\source\index.php on line 24
[31-May-2014 19:07:49] PHP Warning:  filesize() [<a href='function.filesize'>function.filesize</a>]: stat failed for ../../files/OR_X_source.zip in D:\web\openrails\web\or\dev\download\source\index.php on line 24
[31-May-2014 19:08:06] PHP Warning:  filemtime() [<a href='function.filemtime'>function.filemtime</a>]: stat failed for ../../files/OR_X_source.zip in D:\web\openrails\web\or\dev\download\source\index.php on line 24
[31-May-2014 19:08:06] PHP Warning:  filesize() [<a href='function.filesize'>function.filesize</a>]: stat failed for ../../files/OR_X_source.zip in D:\web\openrails\web\or\dev\download\source\index.php on line 24
[31-May-2014 19:10:55] PHP Warning:  filemtime() [<a href='function.filemtime'>function.filemtime</a>]: stat failed for ../../files/OR_X_source.zip in D:\web\openrails\web\or\dev\download\source\index.php on line 24
[31-May-2014 19:10:55] PHP Warning:  filesize() [<a href='function.filesize'>function.filesize</a>]: stat failed for ../../files/OR_X_source.zip in D:\web\openrails\web\or\dev\download\source\index.php on line 24
[31-May-2014 20:45:21] PHP Warning:  filemtime() [<a href='function.filemtime'>function.filemtime</a>]: stat failed for ../../files/OR_X_source.zip in D:\web\openrails\web\or\dev\download\source\index.php on line 24
[31-May-2014 20:45:21] PHP Warning:  filesize() [<a href='function.filesize'>function.filesize</a>]: stat failed for ../../files/OR_X_source.zip in D:\web\openrails\web\or\dev\download\source\index.php on line 24
[01-Jun-2014 21:45:26] PHP Warning:  filemtime() [<a href='function.filemtime'>function.filemtime</a>]: stat failed for ../../files/OR_X_source.zip in D:\web\openrails\web\or\dev\download\source\index.php on line 24
[01-Jun-2014 21:45:26] PHP Warning:  filesize() [<a href='function.filesize'>function.filesize</a>]: stat failed for ../../files/OR_X_source.zip in D:\web\openrails\web\or\dev\download\source\index.php on line 24
[01-Jun-2014 21:57:33] PHP Warning:  filemtime() [<a href='function.filemtime'>function.filemtime</a>]: stat failed for ../../files/OR_X_source.zip in D:\web\openrails\web\or\dev\download\source\index.php on line 24
[01-Jun-2014 21:57:33] PHP Warning:  filesize() [<a href='function.filesize'>function.filesize</a>]: stat failed for ../../files/OR_X_source.zip in D:\web\openrails\web\or\dev\download\source\index.php on line 24
[02-Jun-2014 12:27:23] PHP Warning:  filemtime() [<a href='function.filemtime'>function.filemtime</a>]: stat failed for ../../files/OR_X_source.zip in D:\web\openrails\web\or\dev\download\source\index.php on line 24
[02-Jun-2014 12:27:23] PHP Warning:  filesize() [<a href='function.filesize'>function.filesize</a>]: stat failed for ../../files/OR_X_source.zip in D:\web\openrails\web\or\dev\download\source\index.php on line 24
[03-Jun-2014 22:12:58] PHP Warning:  filemtime() [<a href='function.filemtime'>function.filemtime</a>]: stat failed for ../../files/OR_X_source.zip in D:\web\openrails\web\or\dev\download\source\index.php on line 24
[03-Jun-2014 22:12:58] PHP Warning:  filesize() [<a href='function.filesize'>function.filesize</a>]: stat failed for ../../files/OR_X_source.zip in D:\web\openrails\web\or\dev\download\source\index.php on line 24
[04-Jun-2014 09:53:23] PHP Warning:  filemtime() [<a href='function.filemtime'>function.filemtime</a>]: stat failed for ../../files/OR_X_source.zip in D:\web\openrails\web\or\dev\download\source\index.php on line 24
[04-Jun-2014 09:53:23] PHP Warning:  filesize() [<a href='function.filesize'>function.filesize</a>]: stat failed for ../../files/OR_X_source.zip in D:\web\openrails\web\or\dev\download\source\index.php on line 24
[06-Jun-2014 19:55:19] PHP Warning:  filemtime() [<a href='function.filemtime'>function.filemtime</a>]: stat failed for ../../files/OR_X_source.zip in D:\web\openrails\web\or\dev\download\source\index.php on line 24
[06-Jun-2014 19:55:19] PHP Warning:  filesize() [<a href='function.filesize'>function.filesize</a>]: stat failed for ../../files/OR_X_source.zip in D:\web\openrails\web\or\dev\download\source\index.php on line 24
[06-Jun-2014 20:59:16] PHP Warning:  filemtime() [<a href='function.filemtime'>function.filemtime</a>]: stat failed for ../../files/OR_X_source.zip in D:\web\openrails\web\or\dev\download\source\index.php on line 24
[06-Jun-2014 20:59:16] PHP Warning:  filesize() [<a href='function.filesize'>function.filesize</a>]: stat failed for ../../files/OR_X_source.zip in D:\web\openrails\web\or\dev\download\source\index.php on line 24
[06-Jun-2014 21:21:18] PHP Warning:  filemtime() [<a href='function.filemtime'>function.filemtime</a>]: stat failed for ../../files/OR_X_source.zip in D:\web\openrails\web\or\dev\download\source\index.php on line 24
[06-Jun-2014 21:21:18] PHP Warning:  filesize() [<a href='function.filesize'>function.filesize</a>]: stat failed for ../../files/OR_X_source.zip in D:\web\openrails\web\or\dev\download\source\index.php on line 24
[06-Jun-2014 21:23:21] PHP Warning:  filemtime() [<a href='function.filemtime'>function.filemtime</a>]: stat failed for ../../files/OR_X_source.zip in D:\web\openrails\web\or\dev\download\source\index.php on line 24
[06-Jun-2014 21:23:21] PHP Warning:  filesize() [<a href='function.filesize'>function.filesize</a>]: stat failed for ../../files/OR_X_source.zip in D:\web\openrails\web\or\dev\download\source\index.php on line 24
[06-Jun-2014 21:23:45] PHP Warning:  filemtime() [<a href='function.filemtime'>function.filemtime</a>]: stat failed for ../../files/OR_X_source.zip in D:\web\openrails\web\or\dev\download\source\index.php on line 24
[06-Jun-2014 21:23:45] PHP Warning:  filesize() [<a href='function.filesize'>function.filesize</a>]: stat failed for ../../files/OR_X_source.zip in D:\web\openrails\web\or\dev\download\source\index.php on line 24
[06-Jun-2014 21:23:47] PHP Warning:  filemtime() [<a href='function.filemtime'>function.filemtime</a>]: stat failed for ../../files/OR_X_source.zip in D:\web\openrails\web\or\dev\download\source\index.php on line 24
[06-Jun-2014 21:23:47] PHP Warning:  filesize() [<a href='function.filesize'>function.filesize</a>]: stat failed for ../../files/OR_X_source.zip in D:\web\openrails\web\or\dev\download\source\index.php on line 24
[06-Jun-2014 21:30:16] PHP Warning:  filemtime() [<a href='function.filemtime'>function.filemtime</a>]: stat failed for ../../files/OR_X_source.zip in D:\web\openrails\web\or\dev\download\source\index.php on line 24
[06-Jun-2014 21:30:16] PHP Warning:  filesize() [<a href='function.filesize'>function.filesize</a>]: stat failed for ../../files/OR_X_source.zip in D:\web\openrails\web\or\dev\download\source\index.php on line 24
[13-Jun-2014 22:07:48] PHP Warning:  filemtime() [<a href='function.filemtime'>function.filemtime</a>]: stat failed for ../../files/OR_X_source.zip in D:\web\openrails\web\or\dev\download\source\index.php on line 28
[13-Jun-2014 22:07:48] PHP Warning:  filesize() [<a href='function.filesize'>function.filesize</a>]: stat failed for ../../files/OR_X_source.zip in D:\web\openrails\web\or\dev\download\source\index.php on line 28
[13-Jun-2014 23:17:50] PHP Warning:  filemtime() [<a href='function.filemtime'>function.filemtime</a>]: stat failed for ../../files/OR_X_source.zip in D:\web\openrails\web\or\dev\download\source\index.php on line 28
[13-Jun-2014 23:17:50] PHP Warning:  filesize() [<a href='function.filesize'>function.filesize</a>]: stat failed for ../../files/OR_X_source.zip in D:\web\openrails\web\or\dev\download\source\index.php on line 28
[14-Jun-2014 05:23:28] PHP Warning:  filemtime() [<a href='function.filemtime'>function.filemtime</a>]: stat failed for ../../files/OR_X_source.zip in D:\web\openrails\web\or\dev\download\source\index.php on line 28
[14-Jun-2014 05:23:28] PHP Warning:  filesize() [<a href='function.filesize'>function.filesize</a>]: stat failed for ../../files/OR_X_source.zip in D:\web\openrails\web\or\dev\download\source\index.php on line 28
[14-Jun-2014 05:26:36] PHP Warning:  filemtime() [<a href='function.filemtime'>function.filemtime</a>]: stat failed for ../../files/OR_X_source.zip in D:\web\openrails\web\or\dev\download\source\index.php on line 28
[14-Jun-2014 05:26:36] PHP Warning:  filesize() [<a href='function.filesize'>function.filesize</a>]: stat failed for ../../files/OR_X_source.zip in D:\web\openrails\web\or\dev\download\source\index.php on line 28
[14-Jun-2014 11:03:43] PHP Warning:  filemtime() [<a href='function.filemtime'>function.filemtime</a>]: stat failed for ../../files/OR_X_source.zip in D:\web\openrails\web\or\dev\download\source\index.php on line 28
[14-Jun-2014 11:03:43] PHP Warning:  filesize() [<a href='function.filesize'>function.filesize</a>]: stat failed for ../../files/OR_X_source.zip in D:\web\openrails\web\or\dev\download\source\index.php on line 28
[14-Jun-2014 11:05:09] PHP Warning:  filemtime() [<a href='function.filemtime'>function.filemtime</a>]: stat failed for ../../files/OR_X_source.zip in D:\web\openrails\web\or\dev\download\source\index.php on line 28
[14-Jun-2014 11:05:09] PHP Warning:  filesize() [<a href='function.filesize'>function.filesize</a>]: stat failed for ../../files/OR_X_source.zip in D:\web\openrails\web\or\dev\download\source\index.php on line 28
[14-Jun-2014 11:05:58] PHP Warning:  filemtime() [<a href='function.filemtime'>function.filemtime</a>]: stat failed for ../../files/OR_X_source.zip in D:\web\openrails\web\or\dev\download\source\index.php on line 28
[14-Jun-2014 11:05:58] PHP Warning:  filesize() [<a href='function.filesize'>function.filesize</a>]: stat failed for ../../files/OR_X_source.zip in D:\web\openrails\web\or\dev\download\source\index.php on line 28
[14-Jun-2014 11:12:16] PHP Warning:  filemtime() [<a href='function.filemtime'>function.filemtime</a>]: stat failed for ../../files/OR_X_source.zip in D:\web\openrails\web\or\dev\download\source\index.php on line 28
[14-Jun-2014 11:12:16] PHP Warning:  filesize() [<a href='function.filesize'>function.filesize</a>]: stat failed for ../../files/OR_X_source.zip in D:\web\openrails\web\or\dev\download\source\index.php on line 28
[14-Jun-2014 11:13:19] PHP Warning:  filemtime() [<a href='function.filemtime'>function.filemtime</a>]: stat failed for ../../files/OR_X_source.zip in D:\web\openrails\web\or\dev\download\source\index.php on line 28
[14-Jun-2014 11:13:19] PHP Warning:  filesize() [<a href='function.filesize'>function.filesize</a>]: stat failed for ../../files/OR_X_source.zip in D:\web\openrails\web\or\dev\download\source\index.php on line 28
[14-Jun-2014 11:47:31] PHP Warning:  filemtime() [<a href='function.filemtime'>function.filemtime</a>]: stat failed for ../../files/OR_X_source.zip in D:\web\openrails\web\or\dev\download\source\index.php on line 28
[14-Jun-2014 11:47:31] PHP Warning:  filesize() [<a href='function.filesize'>function.filesize</a>]: stat failed for ../../files/OR_X_source.zip in D:\web\openrails\web\or\dev\download\source\index.php on line 28
[14-Jun-2014 11:47:31] PHP Warning:  filemtime() [<a href='function.filemtime'>function.filemtime</a>]: stat failed for ../../files/OR_X_source.zip in D:\web\openrails\web\or\dev\download\source\index.php on line 28
[14-Jun-2014 11:47:31] PHP Warning:  filesize() [<a href='function.filesize'>function.filesize</a>]: stat failed for ../../files/OR_X_source.zip in D:\web\openrails\web\or\dev\download\source\index.php on line 28
[14-Jun-2014 12:13:02] PHP Warning:  filemtime() [<a href='function.filemtime'>function.filemtime</a>]: stat failed for ../../files/OR_X_source.zip in D:\web\openrails\web\or\dev\download\source\index.php on line 28
[14-Jun-2014 12:13:02] PHP Warning:  filesize() [<a href='function.filesize'>function.filesize</a>]: stat failed for ../../files/OR_X_source.zip in D:\web\openrails\web\or\dev\download\source\index.php on line 28
[14-Jun-2014 17:52:10] PHP Warning:  filemtime() [<a href='function.filemtime'>function.filemtime</a>]: stat failed for ../../files/OR_X_source.zip in D:\web\openrails\web\or\dev\download\source\index.php on line 28
[14-Jun-2014 17:52:10] PHP Warning:  filesize() [<a href='function.filesize'>function.filesize</a>]: stat failed for ../../files/OR_X_source.zip in D:\web\openrails\web\or\dev\download\source\index.php on line 28
[14-Jun-2014 20:37:10] PHP Warning:  filemtime() [<a href='function.filemtime'>function.filemtime</a>]: stat failed for ../../files/OR_X_source.zip in D:\web\openrails\web\or\dev\download\source\index.php on line 29
[14-Jun-2014 20:37:10] PHP Warning:  filesize() [<a href='function.filesize'>function.filesize</a>]: stat failed for ../../files/OR_X_source.zip in D:\web\openrails\web\or\dev\download\source\index.php on line 29
[14-Jun-2014 20:49:52] PHP Warning:  filemtime() [<a href='function.filemtime'>function.filemtime</a>]: stat failed for ../../files/OR_X_source.zip in D:\web\openrails\web\or\dev\download\source\index.php on line 29
[14-Jun-2014 20:49:52] PHP Warning:  filesize() [<a href='function.filesize'>function.filesize</a>]: stat failed for ../../files/OR_X_source.zip in D:\web\openrails\web\or\dev\download\source\index.php on line 29
[14-Jun-2014 20:53:15] PHP Warning:  filemtime() [<a href='function.filemtime'>function.filemtime</a>]: stat failed for ../../files/OR_X_source.zip in D:\web\openrails\web\or\dev\download\source\index.php on line 29
[14-Jun-2014 20:53:15] PHP Warning:  filesize() [<a href='function.filesize'>function.filesize</a>]: stat failed for ../../files/OR_X_source.zip in D:\web\openrails\web\or\dev\download\source\index.php on line 29
[14-Jun-2014 21:01:25] PHP Warning:  filemtime() [<a href='function.filemtime'>function.filemtime</a>]: stat failed for ../../files/OR_X_source.zip in D:\web\openrails\web\or\dev\download\source\index.php on line 29
[14-Jun-2014 21:01:25] PHP Warning:  filesize() [<a href='function.filesize'>function.filesize</a>]: stat failed for ../../files/OR_X_source.zip in D:\web\openrails\web\or\dev\download\source\index.php on line 29
[14-Jun-2014 21:01:28] PHP Warning:  filemtime() [<a href='function.filemtime'>function.filemtime</a>]: stat failed for ../../files/OR_X_source.zip in D:\web\openrails\web\or\dev\download\source\index.php on line 29
[14-Jun-2014 21:01:28] PHP Warning:  filesize() [<a href='function.filesize'>function.filesize</a>]: stat failed for ../../files/OR_X_source.zip in D:\web\openrails\web\or\dev\download\source\index.php on line 29
[14-Jun-2014 21:01:30] PHP Warning:  filemtime() [<a href='function.filemtime'>function.filemtime</a>]: stat failed for ../../files/OR_X_source.zip in D:\web\openrails\web\or\dev\download\source\index.php on line 29
[14-Jun-2014 21:01:30] PHP Warning:  filesize() [<a href='function.filesize'>function.filesize</a>]: stat failed for ../../files/OR_X_source.zip in D:\web\openrails\web\or\dev\download\source\index.php on line 29
[14-Jun-2014 21:16:29] PHP Warning:  filemtime() [<a href='function.filemtime'>function.filemtime</a>]: stat failed for ../../files/OR_X_source.zip in D:\web\openrails\web\or\dev\download\source\index.php on line 29
[14-Jun-2014 21:16:29] PHP Warning:  filesize() [<a href='function.filesize'>function.filesize</a>]: stat failed for ../../files/OR_X_source.zip in D:\web\openrails\web\or\dev\download\source\index.php on line 29
[15-Jun-2014 12:08:21] PHP Warning:  filemtime() [<a href='function.filemtime'>function.filemtime</a>]: stat failed for ../../files/OR_X_source.zip in D:\web\openrails\web\or\dev\download\source\index.php on line 29
[15-Jun-2014 12:08:21] PHP Warning:  filesize() [<a href='function.filesize'>function.filesize</a>]: stat failed for ../../files/OR_X_source.zip in D:\web\openrails\web\or\dev\download\source\index.php on line 29
[16-Jun-2014 09:29:31] PHP Warning:  filemtime() [<a href='function.filemtime'>function.filemtime</a>]: stat failed for ../../files/OR_X_source.zip in D:\web\openrails\web\or\dev\download\source\index.php on line 29
[16-Jun-2014 09:29:31] PHP Warning:  filesize() [<a href='function.filesize'>function.filesize</a>]: stat failed for ../../files/OR_X_source.zip in D:\web\openrails\web\or\dev\download\source\index.php on line 29
[16-Jun-2014 12:03:36] PHP Warning:  filemtime() [<a href='function.filemtime'>function.filemtime</a>]: stat failed for ../../files/OR_X_source.zip in D:\web\openrails\web\or\dev\download\source\index.php on line 29
[16-Jun-2014 12:03:36] PHP Warning:  filesize() [<a href='function.filesize'>function.filesize</a>]: stat failed for ../../files/OR_X_source.zip in D:\web\openrails\web\or\dev\download\source\index.php on line 29
[16-Jun-2014 18:31:03] PHP Warning:  filemtime() [<a href='function.filemtime'>function.filemtime</a>]: stat failed for ../../files/OR_X_source.zip in D:\web\openrails\web\or\dev\download\source\index.php on line 29
[16-Jun-2014 18:31:03] PHP Warning:  filesize() [<a href='function.filesize'>function.filesize</a>]: stat failed for ../../files/OR_X_source.zip in D:\web\openrails\web\or\dev\download\source\index.php on line 29
[16-Jun-2014 18:49:05] PHP Warning:  filemtime() [<a href='function.filemtime'>function.filemtime</a>]: stat failed for ../../files/OR_X_source.zip in D:\web\openrails\web\or\dev\download\source\index.php on line 29
[16-Jun-2014 18:49:05] PHP Warning:  filesize() [<a href='function.filesize'>function.filesize</a>]: stat failed for ../../files/OR_X_source.zip in D:\web\openrails\web\or\dev\download\source\index.php on line 29
[17-Jun-2014 09:16:31] PHP Warning:  filemtime() [<a href='function.filemtime'>function.filemtime</a>]: stat failed for ../../files/OR_X_source.zip in D:\web\openrails\web\or\dev\download\source\index.php on line 29
[17-Jun-2014 09:16:31] PHP Warning:  filesize() [<a href='function.filesize'>function.filesize</a>]: stat failed for ../../files/OR_X_source.zip in D:\web\openrails\web\or\dev\download\source\index.php on line 29
[17-Jun-2014 15:11:45] PHP Warning:  filemtime() [<a href='function.filemtime'>function.filemtime</a>]: stat failed for ../../files/OR_X_source.zip in D:\web\openrails\web\or\dev\download\source\index.php on line 29
[17-Jun-2014 15:11:45] PHP Warning:  filesize() [<a href='function.filesize'>function.filesize</a>]: stat failed for ../../files/OR_X_source.zip in D:\web\openrails\web\or\dev\download\source\index.php on line 29
[18-Jun-2014 18:47:31] PHP Warning:  filemtime() [<a href='function.filemtime'>function.filemtime</a>]: stat failed for ../../files/OR_X_source.zip in D:\web\openrails\web\or\dev\download\source\index.php on line 29
[18-Jun-2014 18:47:31] PHP Warning:  filesize() [<a href='function.filesize'>function.filesize</a>]: stat failed for ../../files/OR_X_source.zip in D:\web\openrails\web\or\dev\download\source\index.php on line 29
[19-Jun-2014 13:07:27] PHP Warning:  filemtime() [<a href='function.filemtime'>function.filemtime</a>]: stat failed for ../../files/OR_X_source.zip in D:\web\openrails\web\or\dev\download\source\index.php on line 29
[19-Jun-2014 13:07:27] PHP Warning:  filesize() [<a href='function.filesize'>function.filesize</a>]: stat failed for ../../files/OR_X_source.zip in D:\web\openrails\web\or\dev\download\source\index.php on line 29
[20-Jun-2014 21:18:56] PHP Warning:  filemtime() [<a href='function.filemtime'>function.filemtime</a>]: stat failed for ../../files/OR_X_source.zip in D:\web\openrails\web\or\dev\download\source\index.php on line 29
[20-Jun-2014 21:18:56] PHP Warning:  filesize() [<a href='function.filesize'>function.filesize</a>]: stat failed for ../../files/OR_X_source.zip in D:\web\openrails\web\or\dev\download\source\index.php on line 29
[21-Jun-2014 13:48:17] PHP Warning:  filemtime() [<a href='function.filemtime'>function.filemtime</a>]: stat failed for ../../files/OR_X_source.zip in D:\web\openrails\web\or\dev\download\source\index.php on line 29
[21-Jun-2014 13:48:17] PHP Warning:  filesize() [<a href='function.filesize'>function.filesize</a>]: stat failed for ../../files/OR_X_source.zip in D:\web\openrails\web\or\dev\download\source\index.php on line 29
[21-Jun-2014 14:31:44] PHP Warning:  filemtime() [<a href='function.filemtime'>function.filemtime</a>]: stat failed for ../../files/OR_X_source.zip in D:\web\openrails\web\or\dev\download\source\index.php on line 29
[21-Jun-2014 14:31:44] PHP Warning:  filesize() [<a href='function.filesize'>function.filesize</a>]: stat failed for ../../files/OR_X_source.zip in D:\web\openrails\web\or\dev\download\source\index.php on line 29
[21-Jun-2014 15:40:59] PHP Warning:  filemtime() [<a href='function.filemtime'>function.filemtime</a>]: stat failed for ../../files/OR_X_source.zip in D:\web\openrails\web\or\dev\download\source\index.php on line 29
[21-Jun-2014 15:40:59] PHP Warning:  filesize() [<a href='function.filesize'>function.filesize</a>]: stat failed for ../../files/OR_X_source.zip in D:\web\openrails\web\or\dev\download\source\index.php on line 29
[21-Jun-2014 15:41:09] PHP Warning:  filemtime() [<a href='function.filemtime'>function.filemtime</a>]: stat failed for ../../files/OR_X_source.zip in D:\web\openrails\web\or\dev\download\source\index.php on line 29
[21-Jun-2014 15:41:09] PHP Warning:  filesize() [<a href='function.filesize'>function.filesize</a>]: stat failed for ../../files/OR_X_source.zip in D:\web\openrails\web\or\dev\download\source\index.php on line 29
[21-Jun-2014 16:25:46] PHP Warning:  filemtime() [<a href='function.filemtime'>function.filemtime</a>]: stat failed for ../../files/OR_X_source.zip in D:\web\openrails\web\or\dev\download\source\index.php on line 29
[21-Jun-2014 16:25:46] PHP Warning:  filesize() [<a href='function.filesize'>function.filesize</a>]: stat failed for ../../files/OR_X_source.zip in D:\web\openrails\web\or\dev\download\source\index.php on line 29
[21-Jun-2014 16:26:23] PHP Warning:  filemtime() [<a href='function.filemtime'>function.filemtime</a>]: stat failed for ../../files/OR_X_source.zip in D:\web\openrails\web\or\dev\download\source\index.php on line 29
[21-Jun-2014 16:26:23] PHP Warning:  filesize() [<a href='function.filesize'>function.filesize</a>]: stat failed for ../../files/OR_X_source.zip in D:\web\openrails\web\or\dev\download\source\index.php on line 29
[21-Jun-2014 16:26:57] PHP Warning:  filemtime() [<a href='function.filemtime'>function.filemtime</a>]: stat failed for ../../files/OR_X_source.zip in D:\web\openrails\web\or\dev\download\source\index.php on line 29
[21-Jun-2014 16:26:57] PHP Warning:  filesize() [<a href='function.filesize'>function.filesize</a>]: stat failed for ../../files/OR_X_source.zip in D:\web\openrails\web\or\dev\download\source\index.php on line 29
[21-Jun-2014 16:47:31] PHP Warning:  filemtime() [<a href='function.filemtime'>function.filemtime</a>]: stat failed for ../../files/OR_X_source.zip in D:\web\openrails\web\or\dev\download\source\index.php on line 29
[21-Jun-2014 16:47:31] PHP Warning:  filesize() [<a href='function.filesize'>function.filesize</a>]: stat failed for ../../files/OR_X_source.zip in D:\web\openrails\web\or\dev\download\source\index.php on line 29
[22-Jun-2014 10:37:37] PHP Warning:  filemtime() [<a href='function.filemtime'>function.filemtime</a>]: stat failed for ../../files/OR_X_source.zip in D:\web\openrails\web\or\dev\download\source\index.php on line 29
[22-Jun-2014 10:37:37] PHP Warning:  filesize() [<a href='function.filesize'>function.filesize</a>]: stat failed for ../../files/OR_X_source.zip in D:\web\openrails\web\or\dev\download\source\index.php on line 29
[22-Jun-2014 19:34:50] PHP Warning:  filemtime() [<a href='function.filemtime'>function.filemtime</a>]: stat failed for ../../files/OR_X_source.zip in D:\web\openrails\web\or\dev\download\source\index.php on line 29
[22-Jun-2014 19:34:50] PHP Warning:  filesize() [<a href='function.filesize'>function.filesize</a>]: stat failed for ../../files/OR_X_source.zip in D:\web\openrails\web\or\dev\download\source\index.php on line 29
[27-Jun-2014 19:48:58] PHP Warning:  filemtime() [<a href='function.filemtime'>function.filemtime</a>]: stat failed for ../../files/OR_X_source.zip in D:\web\openrails\web\or\dev\download\source\index.php on line 29
[27-Jun-2014 19:48:58] PHP Warning:  filesize() [<a href='function.filesize'>function.filesize</a>]: stat failed for ../../files/OR_X_source.zip in D:\web\openrails\web\or\dev\download\source\index.php on line 29
[28-Jun-2014 01:28:12] PHP Warning:  filemtime() [<a href='function.filemtime'>function.filemtime</a>]: stat failed for ../../files/OR_X_source.zip in D:\web\openrails\web\or\dev\download\source\index.php on line 29
[28-Jun-2014 01:28:12] PHP Warning:  filesize() [<a href='function.filesize'>function.filesize</a>]: stat failed for ../../files/OR_X_source.zip in D:\web\openrails\web\or\dev\download\source\index.php on line 29
[29-Jun-2014 03:58:06] PHP Warning:  filemtime() [<a href='function.filemtime'>function.filemtime</a>]: stat failed for ../../files/OR_X_source.zip in D:\web\openrails\web\or\dev\download\source\index.php on line 29
[29-Jun-2014 03:58:06] PHP Warning:  filesize() [<a href='function.filesize'>function.filesize</a>]: stat failed for ../../files/OR_X_source.zip in D:\web\openrails\web\or\dev\download\source\index.php on line 29
[29-Jun-2014 12:03:20] PHP Warning:  filemtime() [<a href='function.filemtime'>function.filemtime</a>]: stat failed for ../../files/OR_X_source.zip in D:\web\openrails\web\or\dev\download\source\index.php on line 29
[29-Jun-2014 12:03:20] PHP Warning:  filesize() [<a href='function.filesize'>function.filesize</a>]: stat failed for ../../files/OR_X_source.zip in D:\web\openrails\web\or\dev\download\source\index.php on line 29
[29-Jun-2014 12:07:04] PHP Warning:  filemtime() [<a href='function.filemtime'>function.filemtime</a>]: stat failed for ../../files/OR_X_source.zip in D:\web\openrails\web\or\dev\download\source\index.php on line 29
[29-Jun-2014 12:07:04] PHP Warning:  filesize() [<a href='function.filesize'>function.filesize</a>]: stat failed for ../../files/OR_X_source.zip in D:\web\openrails\web\or\dev\download\source\index.php on line 29
[29-Jun-2014 12:08:18] PHP Warning:  filemtime() [<a href='function.filemtime'>function.filemtime</a>]: stat failed for ../../files/OR_X_source.zip in D:\web\openrails\web\or\dev\download\source\index.php on line 29
[29-Jun-2014 12:08:18] PHP Warning:  filesize() [<a href='function.filesize'>function.filesize</a>]: stat failed for ../../files/OR_X_source.zip in D:\web\openrails\web\or\dev\download\source\index.php on line 29
[01-Jul-2014 21:47:27] PHP Warning:  filemtime() [<a href='function.filemtime'>function.filemtime</a>]: stat failed for ../../files/OR_X_source.zip in D:\web\openrails\web\or\dev\download\source\index.php on line 29
[01-Jul-2014 21:47:27] PHP Warning:  filesize() [<a href='function.filesize'>function.filesize</a>]: stat failed for ../../files/OR_X_source.zip in D:\web\openrails\web\or\dev\download\source\index.php on line 29
[03-Jul-2014 23:58:42] PHP Warning:  filemtime() [<a href='function.filemtime'>function.filemtime</a>]: stat failed for ../../files/OR_X_source.zip in D:\web\openrails\web\or\dev\download\source\index.php on line 29
[03-Jul-2014 23:58:42] PHP Warning:  filesize() [<a href='function.filesize'>function.filesize</a>]: stat failed for ../../files/OR_X_source.zip in D:\web\openrails\web\or\dev\download\source\index.php on line 29
[09-Jul-2014 19:51:44] PHP Warning:  filemtime() [<a href='function.filemtime'>function.filemtime</a>]: stat failed for ../../files/OR_X_source.zip in D:\web\openrails\web\or\dev\download\source\index.php on line 29
[09-Jul-2014 19:51:44] PHP Warning:  filesize() [<a href='function.filesize'>function.filesize</a>]: stat failed for ../../files/OR_X_source.zip in D:\web\openrails\web\or\dev\download\source\index.php on line 29
[09-Jul-2014 22:02:40] PHP Warning:  filemtime() [<a href='function.filemtime'>function.filemtime</a>]: stat failed for ../../files/OR_X_source.zip in D:\web\openrails\web\or\dev\download\source\index.php on line 29
[09-Jul-2014 22:02:40] PHP Warning:  filesize() [<a href='function.filesize'>function.filesize</a>]: stat failed for ../../files/OR_X_source.zip in D:\web\openrails\web\or\dev\download\source\index.php on line 29
[09-Jul-2014 22:03:40] PHP Warning:  filemtime() [<a href='function.filemtime'>function.filemtime</a>]: stat failed for ../../files/OR_X_source.zip in D:\web\openrails\web\or\dev\download\source\index.php on line 29
[09-Jul-2014 22:03:40] PHP Warning:  filesize() [<a href='function.filesize'>function.filesize</a>]: stat failed for ../../files/OR_X_source.zip in D:\web\openrails\web\or\dev\download\source\index.php on line 29
[10-Jul-2014 07:27:30] PHP Warning:  filemtime() [<a href='function.filemtime'>function.filemtime</a>]: stat failed for ../../files/OR_X_source.zip in D:\web\openrails\web\or\dev\download\source\index.php on line 29
[10-Jul-2014 07:27:30] PHP Warning:  filesize() [<a href='function.filesize'>function.filesize</a>]: stat failed for ../../files/OR_X_source.zip in D:\web\openrails\web\or\dev\download\source\index.php on line 29
[10-Jul-2014 10:37:40] PHP Warning:  filemtime() [<a href='function.filemtime'>function.filemtime</a>]: stat failed for ../../files/OR_X_source.zip in D:\web\openrails\web\or\dev\download\source\index.php on line 29
[10-Jul-2014 10:37:40] PHP Warning:  filesize() [<a href='function.filesize'>function.filesize</a>]: stat failed for ../../files/OR_X_source.zip in D:\web\openrails\web\or\dev\download\source\index.php on line 29
[10-Jul-2014 10:37:51] PHP Warning:  filemtime() [<a href='function.filemtime'>function.filemtime</a>]: stat failed for ../../files/OR_X_source.zip in D:\web\openrails\web\or\dev\download\source\index.php on line 29
[10-Jul-2014 10:37:52] PHP Warning:  filesize() [<a href='function.filesize'>function.filesize</a>]: stat failed for ../../files/OR_X_source.zip in D:\web\openrails\web\or\dev\download\source\index.php on line 29
[14-Jul-2014 13:15:57] PHP Warning:  filemtime() [<a href='function.filemtime'>function.filemtime</a>]: stat failed for ../../files/OR_X_source.zip in D:\web\openrails\web\or\dev\download\source\index.php on line 29
[14-Jul-2014 13:15:57] PHP Warning:  filesize() [<a href='function.filesize'>function.filesize</a>]: stat failed for ../../files/OR_X_source.zip in D:\web\openrails\web\or\dev\download\source\index.php on line 29
[14-Jul-2014 15:22:36] PHP Warning:  filemtime() [<a href='function.filemtime'>function.filemtime</a>]: stat failed for ../../files/OR_X_source.zip in D:\web\openrails\web\or\dev\download\source\index.php on line 29
[14-Jul-2014 15:22:36] PHP Warning:  filesize() [<a href='function.filesize'>function.filesize</a>]: stat failed for ../../files/OR_X_source.zip in D:\web\openrails\web\or\dev\download\source\index.php on line 29
[15-Jul-2014 08:13:26] PHP Warning:  filemtime() [<a href='function.filemtime'>function.filemtime</a>]: stat failed for ../../files/OR_X_source.zip in D:\web\openrails\web\or\dev\download\source\index.php on line 29
[15-Jul-2014 08:13:26] PHP Warning:  filesize() [<a href='function.filesize'>function.filesize</a>]: stat failed for ../../files/OR_X_source.zip in D:\web\openrails\web\or\dev\download\source\index.php on line 29
