[19-Jul-2014 19:14:43] PHP Warning:  filemtime() [<a href='function.filemtime'>function.filemtime</a>]: stat failed for ../../files/Manual.pdf in D:\web\openrails\web\learn\manual-and-tutorials\index.php on line 23
[19-Jul-2014 19:14:43] PHP Warning:  filesize() [<a href='function.filesize'>function.filesize</a>]: stat failed for ../../files/Manual.pdf in D:\web\openrails\web\learn\manual-and-tutorials\index.php on line 23
[19-Jul-2014 19:14:43] PHP Warning:  filemtime() [<a href='function.filemtime'>function.filemtime</a>]: stat failed for ../../files/ORTS_Trackviewer_manual.pdf in D:\web\openrails\web\learn\manual-and-tutorials\index.php on line 72
[19-Jul-2014 19:14:43] PHP Warning:  filesize() [<a href='function.filesize'>function.filesize</a>]: stat failed for ../../files/ORTS_Trackviewer_manual.pdf in D:\web\openrails\web\learn\manual-and-tutorials\index.php on line 72
[19-Jul-2014 19:14:43] PHP Warning:  filemtime() [<a href='function.filemtime'>function.filemtime</a>]: stat failed for ../../files/OR_Steam Model_03_02_2014.pdf in D:\web\openrails\web\learn\manual-and-tutorials\index.php on line 79
[19-Jul-2014 19:14:43] PHP Warning:  filesize() [<a href='function.filesize'>function.filesize</a>]: stat failed for ../../files/OR_Steam Model_03_02_2014.pdf in D:\web\openrails\web\learn\manual-and-tutorials\index.php on line 79
[19-Jul-2014 19:22:12] PHP Warning:  filemtime() [<a href='function.filemtime'>function.filemtime</a>]: stat failed for ../../files/Manual.pdf in D:\web\openrails\web\learn\manual-and-tutorials\index.php on line 23
[19-Jul-2014 19:22:12] PHP Warning:  filesize() [<a href='function.filesize'>function.filesize</a>]: stat failed for ../../files/Manual.pdf in D:\web\openrails\web\learn\manual-and-tutorials\index.php on line 23
[19-Jul-2014 19:22:12] PHP Warning:  filemtime() [<a href='function.filemtime'>function.filemtime</a>]: stat failed for ../../files/ORTS_Trackviewer_manual.pdf in D:\web\openrails\web\learn\manual-and-tutorials\index.php on line 72
[19-Jul-2014 19:22:12] PHP Warning:  filesize() [<a href='function.filesize'>function.filesize</a>]: stat failed for ../../files/ORTS_Trackviewer_manual.pdf in D:\web\openrails\web\learn\manual-and-tutorials\index.php on line 72
[19-Jul-2014 19:22:12] PHP Warning:  filemtime() [<a href='function.filemtime'>function.filemtime</a>]: stat failed for ../../files/OR_Steam Model_03_02_2014.pdf in D:\web\openrails\web\learn\manual-and-tutorials\index.php on line 79
[19-Jul-2014 19:22:12] PHP Warning:  filesize() [<a href='function.filesize'>function.filesize</a>]: stat failed for ../../files/OR_Steam Model_03_02_2014.pdf in D:\web\openrails\web\learn\manual-and-tutorials\index.php on line 79
[19-Jul-2014 19:30:37] PHP Warning:  filemtime() [<a href='function.filemtime'>function.filemtime</a>]: stat failed for ../../files/Manual.pdf in D:\web\openrails\web\learn\manual-and-tutorials\index.php on line 23
[19-Jul-2014 19:30:37] PHP Warning:  filesize() [<a href='function.filesize'>function.filesize</a>]: stat failed for ../../files/Manual.pdf in D:\web\openrails\web\learn\manual-and-tutorials\index.php on line 23
[19-Jul-2014 19:30:37] PHP Warning:  filemtime() [<a href='function.filemtime'>function.filemtime</a>]: stat failed for ../../files/ORTS_Trackviewer_manual.pdf in D:\web\openrails\web\learn\manual-and-tutorials\index.php on line 72
[19-Jul-2014 19:30:37] PHP Warning:  filesize() [<a href='function.filesize'>function.filesize</a>]: stat failed for ../../files/ORTS_Trackviewer_manual.pdf in D:\web\openrails\web\learn\manual-and-tutorials\index.php on line 72
[19-Jul-2014 19:30:37] PHP Warning:  filemtime() [<a href='function.filemtime'>function.filemtime</a>]: stat failed for ../../files/OR_Steam Model_03_02_2014.pdf in D:\web\openrails\web\learn\manual-and-tutorials\index.php on line 79
[19-Jul-2014 19:30:37] PHP Warning:  filesize() [<a href='function.filesize'>function.filesize</a>]: stat failed for ../../files/OR_Steam Model_03_02_2014.pdf in D:\web\openrails\web\learn\manual-and-tutorials\index.php on line 79
[19-Jul-2014 19:31:39] PHP Warning:  filemtime() [<a href='function.filemtime'>function.filemtime</a>]: stat failed for ../../files/Manual.pdf in D:\web\openrails\web\learn\manual-and-tutorials\index.php on line 23
[19-Jul-2014 19:31:39] PHP Warning:  filesize() [<a href='function.filesize'>function.filesize</a>]: stat failed for ../../files/Manual.pdf in D:\web\openrails\web\learn\manual-and-tutorials\index.php on line 23
[19-Jul-2014 19:31:39] PHP Warning:  filemtime() [<a href='function.filemtime'>function.filemtime</a>]: stat failed for ../../files/ORTS_Trackviewer_manual.pdf in D:\web\openrails\web\learn\manual-and-tutorials\index.php on line 72
[19-Jul-2014 19:31:39] PHP Warning:  filesize() [<a href='function.filesize'>function.filesize</a>]: stat failed for ../../files/ORTS_Trackviewer_manual.pdf in D:\web\openrails\web\learn\manual-and-tutorials\index.php on line 72
[19-Jul-2014 19:31:39] PHP Warning:  filemtime() [<a href='function.filemtime'>function.filemtime</a>]: stat failed for ../../files/OR_Steam Model_03_02_2014.pdf in D:\web\openrails\web\learn\manual-and-tutorials\index.php on line 79
[19-Jul-2014 19:31:39] PHP Warning:  filesize() [<a href='function.filesize'>function.filesize</a>]: stat failed for ../../files/OR_Steam Model_03_02_2014.pdf in D:\web\openrails\web\learn\manual-and-tutorials\index.php on line 79
[19-Jul-2014 19:31:55] PHP Warning:  filemtime() [<a href='function.filemtime'>function.filemtime</a>]: stat failed for ../../files/Manual.pdf in D:\web\openrails\web\learn\manual-and-tutorials\index.php on line 23
[19-Jul-2014 19:31:55] PHP Warning:  filesize() [<a href='function.filesize'>function.filesize</a>]: stat failed for ../../files/Manual.pdf in D:\web\openrails\web\learn\manual-and-tutorials\index.php on line 23
[19-Jul-2014 19:31:55] PHP Warning:  filemtime() [<a href='function.filemtime'>function.filemtime</a>]: stat failed for ../../files/ORTS_Trackviewer_manual.pdf in D:\web\openrails\web\learn\manual-and-tutorials\index.php on line 72
[19-Jul-2014 19:31:55] PHP Warning:  filesize() [<a href='function.filesize'>function.filesize</a>]: stat failed for ../../files/ORTS_Trackviewer_manual.pdf in D:\web\openrails\web\learn\manual-and-tutorials\index.php on line 72
[19-Jul-2014 19:31:55] PHP Warning:  filemtime() [<a href='function.filemtime'>function.filemtime</a>]: stat failed for ../../files/OR_Steam Model_03_02_2014.pdf in D:\web\openrails\web\learn\manual-and-tutorials\index.php on line 79
[19-Jul-2014 19:31:55] PHP Warning:  filesize() [<a href='function.filesize'>function.filesize</a>]: stat failed for ../../files/OR_Steam Model_03_02_2014.pdf in D:\web\openrails\web\learn\manual-and-tutorials\index.php on line 79
