[27-May-2014 09:21:30] PHP Warning:  session_start() [<a href='function.session-start'>function.session-start</a>]: open_basedir restriction in effect. File(C:\Windows\TEMP\) is not within the allowed path(s): (D:\web\openrails\web) in D:\web\openrails\web\or\dev\shared\head.php on line 1
[27-May-2014 09:21:30] PHP Fatal error:  session_start() [<a href='function.session-start'>function.session-start</a>]: Failed to initialize storage module: files (path: ) in D:\web\openrails\web\or\dev\shared\head.php on line 1
[27-May-2014 09:32:05] PHP Parse error:  parse error in D:\web\openrails\web\or\dev\shared\banners\banner.php on line 6
[27-May-2014 09:32:09] PHP Parse error:  parse error in D:\web\openrails\web\or\dev\shared\banners\banner.php on line 6
[27-May-2014 09:32:12] PHP Parse error:  parse error in D:\web\openrails\web\or\dev\shared\banners\banner.php on line 6
[27-May-2014 09:32:45] PHP Parse error:  parse error in D:\web\openrails\web\or\dev\shared\banners\banner.php on line 6
[27-May-2014 09:32:50] PHP Parse error:  parse error in D:\web\openrails\web\or\dev\shared\banners\banner.php on line 6
[27-May-2014 09:33:58] PHP Parse error:  parse error in D:\web\openrails\web\or\dev\shared\banners\banner.php on line 6
[27-May-2014 09:34:08] PHP Parse error:  parse error in D:\web\openrails\web\or\dev\shared\banners\banner.php on line 6
[27-May-2014 09:37:15] PHP Parse error:  parse error in D:\web\openrails\web\or\dev\shared\banners\banner.php on line 6
[27-May-2014 09:37:27] PHP Parse error:  parse error in D:\web\openrails\web\or\dev\shared\banners\banner.php on line 6
[27-May-2014 09:37:29] PHP Parse error:  parse error in D:\web\openrails\web\or\dev\shared\banners\banner.php on line 6
[27-May-2014 09:37:30] PHP Parse error:  parse error in D:\web\openrails\web\or\dev\shared\banners\banner.php on line 6
[27-May-2014 09:37:44] PHP Parse error:  parse error in D:\web\openrails\web\or\dev\shared\banners\banner.php on line 6
[27-May-2014 09:38:14] PHP Parse error:  parse error in D:\web\openrails\web\or\dev\shared\banners\banner.php on line 6
[27-May-2014 09:38:14] PHP Parse error:  parse error in D:\web\openrails\web\or\dev\shared\banners\banner.php on line 6
[27-May-2014 09:38:39] PHP Parse error:  parse error in D:\web\openrails\web\or\dev\shared\banners\banner.php on line 6
[27-May-2014 09:38:42] PHP Parse error:  parse error in D:\web\openrails\web\or\dev\shared\banners\banner.php on line 6
[27-May-2014 09:38:43] PHP Parse error:  parse error in D:\web\openrails\web\or\dev\shared\banners\banner.php on line 6
[27-May-2014 09:39:19] PHP Parse error:  parse error in D:\web\openrails\web\or\dev\shared\banners\banner.php on line 6
[27-May-2014 09:39:21] PHP Parse error:  parse error in D:\web\openrails\web\or\dev\shared\banners\banner.php on line 6
[27-May-2014 09:39:22] PHP Parse error:  parse error in D:\web\openrails\web\or\dev\shared\banners\banner.php on line 6
[27-May-2014 09:40:04] PHP Parse error:  parse error in D:\web\openrails\web\or\dev\shared\banners\banner.php on line 6
[27-May-2014 09:40:07] PHP Parse error:  parse error in D:\web\openrails\web\or\dev\shared\banners\banner.php on line 6
[27-May-2014 09:40:08] PHP Parse error:  parse error in D:\web\openrails\web\or\dev\shared\banners\banner.php on line 6
[27-May-2014 09:41:18] PHP Parse error:  parse error in D:\web\openrails\web\or\dev\shared\banners\banner.php on line 6
[27-May-2014 09:44:49] PHP Parse error:  parse error in D:\web\openrails\web\or\dev\shared\banners\banner.php on line 6
[27-May-2014 09:54:12] PHP Parse error:  parse error in D:\web\openrails\web\or\dev\shared\banners\banner.php on line 6
[27-May-2014 09:54:13] PHP Parse error:  parse error in D:\web\openrails\web\or\dev\shared\banners\banner.php on line 6
[27-May-2014 09:54:45] PHP Parse error:  parse error in D:\web\openrails\web\or\dev\shared\banners\banner.php on line 6
[27-May-2014 09:55:42] PHP Parse error:  parse error in D:\web\openrails\web\or\dev\shared\banners\banner.php on line 6
[27-May-2014 09:56:32] PHP Parse error:  parse error in D:\web\openrails\web\or\dev\shared\banners\banner.php on line 6
[27-May-2014 09:59:16] PHP Parse error:  parse error in D:\web\openrails\web\or\dev\shared\banners\banner.php on line 6
[27-May-2014 10:00:06] PHP Parse error:  parse error in D:\web\openrails\web\or\dev\shared\banners\banner.php on line 6
[27-May-2014 10:00:20] PHP Notice:  Undefined variable: file in D:\web\openrails\web\or\dev\shared\banners\banner.php on line 40
[27-May-2014 10:00:20] PHP Notice:  Undefined variable: title in D:\web\openrails\web\or\dev\shared\banners\banner.php on line 40
[27-May-2014 10:00:20] PHP Notice:  Undefined variable: supplier in D:\web\openrails\web\or\dev\shared\banners\banner.php on line 40
[27-May-2014 10:00:40] PHP Warning:  fopen(../../shared/banners/banner_list.csv) [<a href='function.fopen'>function.fopen</a>]: failed to open stream: No such file or directory in D:\web\openrails\web\or\dev\shared\banners\banner.php on line 3
[27-May-2014 10:04:16] PHP Parse error:  parse error in D:\web\openrails\web\or\dev\shared\banners\banner.php on line 6
[27-May-2014 10:04:33] PHP Parse error:  parse error in D:\web\openrails\web\or\dev\shared\banners\banner.php on line 6
[27-May-2014 10:04:37] PHP Parse error:  parse error in D:\web\openrails\web\or\dev\shared\banners\banner.php on line 6
[27-May-2014 10:07:21] PHP Parse error:  parse error in D:\web\openrails\web\or\dev\shared\banners\banner.php on line 6
[27-May-2014 10:07:25] PHP Parse error:  parse error in D:\web\openrails\web\or\dev\shared\banners\banner.php on line 6
[27-May-2014 10:08:55] PHP Parse error:  parse error in D:\web\openrails\web\or\dev\shared\banners\banner.php on line 6
[27-May-2014 10:08:58] PHP Parse error:  parse error in D:\web\openrails\web\or\dev\shared\banners\banner.php on line 6
[27-May-2014 10:09:23] PHP Parse error:  parse error in D:\web\openrails\web\or\dev\shared\banners\banner.php on line 6
[27-May-2014 10:09:26] PHP Parse error:  parse error in D:\web\openrails\web\or\dev\shared\banners\banner.php on line 6
[27-May-2014 10:10:05] PHP Notice:  Undefined variable: file in D:\web\openrails\web\or\dev\shared\banners\banner.php on line 41
[27-May-2014 10:10:05] PHP Notice:  Undefined variable: title in D:\web\openrails\web\or\dev\shared\banners\banner.php on line 41
[27-May-2014 10:10:05] PHP Notice:  Undefined variable: supplier in D:\web\openrails\web\or\dev\shared\banners\banner.php on line 41
[27-May-2014 10:10:24] PHP Parse error:  parse error in D:\web\openrails\web\or\dev\shared\banners\banner.php on line 6
[27-May-2014 10:10:50] PHP Notice:  Undefined variable: file in D:\web\openrails\web\or\dev\shared\banners\banner.php on line 41
[27-May-2014 10:10:50] PHP Notice:  Undefined variable: title in D:\web\openrails\web\or\dev\shared\banners\banner.php on line 41
[27-May-2014 10:10:50] PHP Notice:  Undefined variable: supplier in D:\web\openrails\web\or\dev\shared\banners\banner.php on line 41
[27-May-2014 10:11:22] PHP Fatal error:  Call to undefined function  pwd() in D:\web\openrails\web\or\dev\shared\banners\banner.php on line 3
[27-May-2014 10:12:03] PHP Notice:  Undefined variable: file in D:\web\openrails\web\or\dev\shared\banners\banner.php on line 42
[27-May-2014 10:12:03] PHP Notice:  Undefined variable: title in D:\web\openrails\web\or\dev\shared\banners\banner.php on line 42
[27-May-2014 10:12:03] PHP Notice:  Undefined variable: supplier in D:\web\openrails\web\or\dev\shared\banners\banner.php on line 42
[27-May-2014 10:13:19] PHP Notice:  Undefined variable: file in D:\web\openrails\web\or\dev\shared\banners\banner.php on line 43
[27-May-2014 10:13:19] PHP Notice:  Undefined variable: title in D:\web\openrails\web\or\dev\shared\banners\banner.php on line 43
[27-May-2014 10:13:19] PHP Notice:  Undefined variable: supplier in D:\web\openrails\web\or\dev\shared\banners\banner.php on line 43
[27-May-2014 10:14:45] PHP Parse error:  parse error, expecting `','' or `';'' in D:\web\openrails\web\or\dev\shared\banners\banner.php on line 4
[27-May-2014 10:15:17] PHP Notice:  Undefined variable: file in D:\web\openrails\web\or\dev\shared\banners\banner.php on line 44
[27-May-2014 10:15:17] PHP Notice:  Undefined variable: title in D:\web\openrails\web\or\dev\shared\banners\banner.php on line 44
[27-May-2014 10:15:17] PHP Notice:  Undefined variable: supplier in D:\web\openrails\web\or\dev\shared\banners\banner.php on line 44
[27-May-2014 10:15:44] PHP Notice:  Undefined variable: file in D:\web\openrails\web\or\dev\shared\banners\banner.php on line 44
[27-May-2014 10:15:44] PHP Notice:  Undefined variable: title in D:\web\openrails\web\or\dev\shared\banners\banner.php on line 44
[27-May-2014 10:15:44] PHP Notice:  Undefined variable: supplier in D:\web\openrails\web\or\dev\shared\banners\banner.php on line 44
[27-May-2014 10:16:05] PHP Notice:  Undefined variable: file in D:\web\openrails\web\or\dev\shared\banners\banner.php on line 44
[27-May-2014 10:16:05] PHP Notice:  Undefined variable: title in D:\web\openrails\web\or\dev\shared\banners\banner.php on line 44
[27-May-2014 10:16:05] PHP Notice:  Undefined variable: supplier in D:\web\openrails\web\or\dev\shared\banners\banner.php on line 44
[27-May-2014 10:17:04] PHP Parse error:  parse error in D:\web\openrails\web\or\dev\shared\banners\banner.php on line 9
[27-May-2014 10:18:00] PHP Notice:  Undefined variable: file in D:\web\openrails\web\or\dev\shared\banners\banner.php on line 43
[27-May-2014 10:18:00] PHP Notice:  Undefined variable: title in D:\web\openrails\web\or\dev\shared\banners\banner.php on line 43
[27-May-2014 10:18:00] PHP Notice:  Undefined variable: supplier in D:\web\openrails\web\or\dev\shared\banners\banner.php on line 43
[27-May-2014 10:18:16] PHP Notice:  Undefined variable: file in D:\web\openrails\web\or\dev\shared\banners\banner.php on line 43
[27-May-2014 10:18:16] PHP Notice:  Undefined variable: title in D:\web\openrails\web\or\dev\shared\banners\banner.php on line 43
[27-May-2014 10:18:16] PHP Notice:  Undefined variable: supplier in D:\web\openrails\web\or\dev\shared\banners\banner.php on line 43
[27-May-2014 10:18:25] PHP Parse error:  parse error in D:\web\openrails\web\or\dev\shared\banners\banner.php on line 9
[27-May-2014 10:18:41] PHP Parse error:  parse error in D:\web\openrails\web\or\dev\shared\banners\banner.php on line 9
[27-May-2014 10:18:43] PHP Parse error:  parse error in D:\web\openrails\web\or\dev\shared\banners\banner.php on line 9
[27-May-2014 10:21:53] PHP Parse error:  parse error in D:\web\openrails\web\or\dev\shared\banners\banner.php on line 9
[27-May-2014 10:21:55] PHP Parse error:  parse error in D:\web\openrails\web\or\dev\shared\banners\banner.php on line 9
[27-May-2014 10:22:39] PHP Parse error:  parse error in D:\web\openrails\web\or\dev\shared\banners\banner.php on line 9
[27-May-2014 10:22:41] PHP Parse error:  parse error in D:\web\openrails\web\or\dev\shared\banners\banner.php on line 9
[27-May-2014 10:23:01] PHP Parse error:  parse error in D:\web\openrails\web\or\dev\shared\banners\banner.php on line 9
[27-May-2014 10:23:02] PHP Parse error:  parse error in D:\web\openrails\web\or\dev\shared\banners\banner.php on line 9
[27-May-2014 10:23:51] PHP Notice:  Undefined variable: file in D:\web\openrails\web\or\dev\shared\banners\banner.php on line 44
[27-May-2014 10:23:51] PHP Notice:  Undefined variable: title in D:\web\openrails\web\or\dev\shared\banners\banner.php on line 44
[27-May-2014 10:23:51] PHP Notice:  Undefined variable: supplier in D:\web\openrails\web\or\dev\shared\banners\banner.php on line 44
[27-May-2014 10:24:30] PHP Parse error:  parse error in D:\web\openrails\web\or\dev\shared\banners\banner.php on line 27
[27-May-2014 10:24:50] PHP Parse error:  parse error in D:\web\openrails\web\or\dev\shared\banners\banner.php on line 27
[27-May-2014 10:24:52] PHP Parse error:  parse error in D:\web\openrails\web\or\dev\shared\banners\banner.php on line 27
[27-May-2014 10:25:07] PHP Parse error:  parse error in D:\web\openrails\web\or\dev\shared\banners\banner.php on line 27
[27-May-2014 16:21:56] PHP Parse error:  parse error in D:\web\openrails\web\or\dev\shared\banners\banner.php on line 27
[27-May-2014 16:22:04] PHP Parse error:  parse error in D:\web\openrails\web\or\dev\shared\banners\banner.php on line 27
[27-May-2014 17:13:53] PHP Notice:  Undefined variable: path in D:\web\openrails\web\or\dev\shared\banners\banner.php on line 36
[27-May-2014 17:13:57] PHP Notice:  Undefined variable: path in D:\web\openrails\web\or\dev\shared\banners\banner.php on line 36
