[19-Jul-2014 17:16:39] PHP Warning:  include() [<a href='function.include'>function.include</a>]: open_basedir restriction in effect. File(D:\/shared/head.php) is not within the allowed path(s): (D:\web\openrails\web) in D:\web\openrails\web\discover\our-plans\index.php on line 1
[19-Jul-2014 17:16:39] PHP Warning:  include(/shared/head.php) [<a href='function.include'>function.include</a>]: failed to open stream: Operation not permitted in D:\web\openrails\web\discover\our-plans\index.php on line 1
[19-Jul-2014 17:16:39] PHP Warning:  include() [<a href='function.include'>function.include</a>]: Failed opening '/shared/head.php' for inclusion (include_path='.;d:\php528\includes;d:\Web\atomic\common') in D:\web\openrails\web\discover\our-plans\index.php on line 1
[19-Jul-2014 17:16:39] PHP Warning:  include() [<a href='function.include'>function.include</a>]: open_basedir restriction in effect. File(D:\/shared/banners/choose_banner.php) is not within the allowed path(s): (D:\web\openrails\web) in D:\web\openrails\web\discover\our-plans\index.php on line 7
[19-Jul-2014 17:16:39] PHP Warning:  include(/shared/banners/choose_banner.php) [<a href='function.include'>function.include</a>]: failed to open stream: Operation not permitted in D:\web\openrails\web\discover\our-plans\index.php on line 7
[19-Jul-2014 17:16:39] PHP Warning:  include() [<a href='function.include'>function.include</a>]: Failed opening '/shared/banners/choose_banner.php' for inclusion (include_path='.;d:\php528\includes;d:\Web\atomic\common') in D:\web\openrails\web\discover\our-plans\index.php on line 7
[19-Jul-2014 17:16:39] PHP Warning:  include() [<a href='function.include'>function.include</a>]: open_basedir restriction in effect. File(D:\/shared/banners/show_banner.php) is not within the allowed path(s): (D:\web\openrails\web) in D:\web\openrails\web\discover\our-plans\index.php on line 8
[19-Jul-2014 17:16:39] PHP Warning:  include(/shared/banners/show_banner.php) [<a href='function.include'>function.include</a>]: failed to open stream: Operation not permitted in D:\web\openrails\web\discover\our-plans\index.php on line 8
[19-Jul-2014 17:16:39] PHP Warning:  include() [<a href='function.include'>function.include</a>]: Failed opening '/shared/banners/show_banner.php' for inclusion (include_path='.;d:\php528\includes;d:\Web\atomic\common') in D:\web\openrails\web\discover\our-plans\index.php on line 8
[19-Jul-2014 17:16:39] PHP Warning:  include() [<a href='function.include'>function.include</a>]: open_basedir restriction in effect. File(D:\/shared/menu.php) is not within the allowed path(s): (D:\web\openrails\web) in D:\web\openrails\web\discover\our-plans\index.php on line 9
[19-Jul-2014 17:16:39] PHP Warning:  include(/shared/menu.php) [<a href='function.include'>function.include</a>]: failed to open stream: Operation not permitted in D:\web\openrails\web\discover\our-plans\index.php on line 9
[19-Jul-2014 17:16:39] PHP Warning:  include() [<a href='function.include'>function.include</a>]: Failed opening '/shared/menu.php' for inclusion (include_path='.;d:\php528\includes;d:\Web\atomic\common') in D:\web\openrails\web\discover\our-plans\index.php on line 9
[19-Jul-2014 17:16:39] PHP Warning:  include() [<a href='function.include'>function.include</a>]: open_basedir restriction in effect. File(D:\/shared/tail.php) is not within the allowed path(s): (D:\web\openrails\web) in D:\web\openrails\web\discover\our-plans\index.php on line 45
[19-Jul-2014 17:16:39] PHP Warning:  include(/shared/tail.php) [<a href='function.include'>function.include</a>]: failed to open stream: Operation not permitted in D:\web\openrails\web\discover\our-plans\index.php on line 45
[19-Jul-2014 17:16:39] PHP Warning:  include() [<a href='function.include'>function.include</a>]: Failed opening '/shared/tail.php' for inclusion (include_path='.;d:\php528\includes;d:\Web\atomic\common') in D:\web\openrails\web\discover\our-plans\index.php on line 45
[19-Jul-2014 17:16:39] PHP Warning:  include() [<a href='function.include'>function.include</a>]: open_basedir restriction in effect. File(D:\/shared/banners/preload_next_banner.php) is not within the allowed path(s): (D:\web\openrails\web) in D:\web\openrails\web\discover\our-plans\index.php on line 46
[19-Jul-2014 17:16:39] PHP Warning:  include(/shared/banners/preload_next_banner.php) [<a href='function.include'>function.include</a>]: failed to open stream: Operation not permitted in D:\web\openrails\web\discover\our-plans\index.php on line 46
[19-Jul-2014 17:16:39] PHP Warning:  include() [<a href='function.include'>function.include</a>]: Failed opening '/shared/banners/preload_next_banner.php' for inclusion (include_path='.;d:\php528\includes;d:\Web\atomic\common') in D:\web\openrails\web\discover\our-plans\index.php on line 46
[19-Jul-2014 17:22:04] PHP Warning:  include() [<a href='function.include'>function.include</a>]: open_basedir restriction in effect. File(D:\/shared/head.php) is not within the allowed path(s): (D:\web\openrails\web) in D:\web\openrails\web\discover\our-plans\index.php on line 1
[19-Jul-2014 17:22:04] PHP Warning:  include(/shared/head.php) [<a href='function.include'>function.include</a>]: failed to open stream: Operation not permitted in D:\web\openrails\web\discover\our-plans\index.php on line 1
[19-Jul-2014 17:22:04] PHP Warning:  include() [<a href='function.include'>function.include</a>]: Failed opening '/shared/head.php' for inclusion (include_path='.;d:\php528\includes;d:\Web\atomic\common') in D:\web\openrails\web\discover\our-plans\index.php on line 1
[19-Jul-2014 17:22:04] PHP Warning:  include() [<a href='function.include'>function.include</a>]: open_basedir restriction in effect. File(D:\/shared/banners/choose_banner.php) is not within the allowed path(s): (D:\web\openrails\web) in D:\web\openrails\web\discover\our-plans\index.php on line 7
[19-Jul-2014 17:22:04] PHP Warning:  include(/shared/banners/choose_banner.php) [<a href='function.include'>function.include</a>]: failed to open stream: Operation not permitted in D:\web\openrails\web\discover\our-plans\index.php on line 7
[19-Jul-2014 17:22:04] PHP Warning:  include() [<a href='function.include'>function.include</a>]: Failed opening '/shared/banners/choose_banner.php' for inclusion (include_path='.;d:\php528\includes;d:\Web\atomic\common') in D:\web\openrails\web\discover\our-plans\index.php on line 7
[19-Jul-2014 17:22:04] PHP Warning:  include() [<a href='function.include'>function.include</a>]: open_basedir restriction in effect. File(D:\/shared/banners/show_banner.php) is not within the allowed path(s): (D:\web\openrails\web) in D:\web\openrails\web\discover\our-plans\index.php on line 8
[19-Jul-2014 17:22:04] PHP Warning:  include(/shared/banners/show_banner.php) [<a href='function.include'>function.include</a>]: failed to open stream: Operation not permitted in D:\web\openrails\web\discover\our-plans\index.php on line 8
[19-Jul-2014 17:22:04] PHP Warning:  include() [<a href='function.include'>function.include</a>]: Failed opening '/shared/banners/show_banner.php' for inclusion (include_path='.;d:\php528\includes;d:\Web\atomic\common') in D:\web\openrails\web\discover\our-plans\index.php on line 8
[19-Jul-2014 17:22:04] PHP Warning:  include() [<a href='function.include'>function.include</a>]: open_basedir restriction in effect. File(D:\/shared/menu.php) is not within the allowed path(s): (D:\web\openrails\web) in D:\web\openrails\web\discover\our-plans\index.php on line 9
[19-Jul-2014 17:22:04] PHP Warning:  include(/shared/menu.php) [<a href='function.include'>function.include</a>]: failed to open stream: Operation not permitted in D:\web\openrails\web\discover\our-plans\index.php on line 9
[19-Jul-2014 17:22:04] PHP Warning:  include() [<a href='function.include'>function.include</a>]: Failed opening '/shared/menu.php' for inclusion (include_path='.;d:\php528\includes;d:\Web\atomic\common') in D:\web\openrails\web\discover\our-plans\index.php on line 9
[19-Jul-2014 17:22:04] PHP Warning:  include() [<a href='function.include'>function.include</a>]: open_basedir restriction in effect. File(D:\/shared/tail.php) is not within the allowed path(s): (D:\web\openrails\web) in D:\web\openrails\web\discover\our-plans\index.php on line 45
[19-Jul-2014 17:22:04] PHP Warning:  include(/shared/tail.php) [<a href='function.include'>function.include</a>]: failed to open stream: Operation not permitted in D:\web\openrails\web\discover\our-plans\index.php on line 45
[19-Jul-2014 17:22:04] PHP Warning:  include() [<a href='function.include'>function.include</a>]: Failed opening '/shared/tail.php' for inclusion (include_path='.;d:\php528\includes;d:\Web\atomic\common') in D:\web\openrails\web\discover\our-plans\index.php on line 45
[19-Jul-2014 17:22:04] PHP Warning:  include() [<a href='function.include'>function.include</a>]: open_basedir restriction in effect. File(D:\/shared/banners/preload_next_banner.php) is not within the allowed path(s): (D:\web\openrails\web) in D:\web\openrails\web\discover\our-plans\index.php on line 46
[19-Jul-2014 17:22:04] PHP Warning:  include(/shared/banners/preload_next_banner.php) [<a href='function.include'>function.include</a>]: failed to open stream: Operation not permitted in D:\web\openrails\web\discover\our-plans\index.php on line 46
[19-Jul-2014 17:22:04] PHP Warning:  include() [<a href='function.include'>function.include</a>]: Failed opening '/shared/banners/preload_next_banner.php' for inclusion (include_path='.;d:\php528\includes;d:\Web\atomic\common') in D:\web\openrails\web\discover\our-plans\index.php on line 46
[19-Jul-2014 17:22:20] PHP Warning:  include() [<a href='function.include'>function.include</a>]: open_basedir restriction in effect. File(D:\/shared/head.php) is not within the allowed path(s): (D:\web\openrails\web) in D:\web\openrails\web\discover\our-plans\index.php on line 1
[19-Jul-2014 17:22:20] PHP Warning:  include(/shared/head.php) [<a href='function.include'>function.include</a>]: failed to open stream: Operation not permitted in D:\web\openrails\web\discover\our-plans\index.php on line 1
[19-Jul-2014 17:22:20] PHP Warning:  include() [<a href='function.include'>function.include</a>]: Failed opening '/shared/head.php' for inclusion (include_path='.;d:\php528\includes;d:\Web\atomic\common') in D:\web\openrails\web\discover\our-plans\index.php on line 1
[19-Jul-2014 17:22:20] PHP Warning:  include() [<a href='function.include'>function.include</a>]: open_basedir restriction in effect. File(D:\/shared/banners/choose_banner.php) is not within the allowed path(s): (D:\web\openrails\web) in D:\web\openrails\web\discover\our-plans\index.php on line 7
[19-Jul-2014 17:22:20] PHP Warning:  include(/shared/banners/choose_banner.php) [<a href='function.include'>function.include</a>]: failed to open stream: Operation not permitted in D:\web\openrails\web\discover\our-plans\index.php on line 7
[19-Jul-2014 17:22:20] PHP Warning:  include() [<a href='function.include'>function.include</a>]: Failed opening '/shared/banners/choose_banner.php' for inclusion (include_path='.;d:\php528\includes;d:\Web\atomic\common') in D:\web\openrails\web\discover\our-plans\index.php on line 7
[19-Jul-2014 17:22:20] PHP Warning:  include() [<a href='function.include'>function.include</a>]: open_basedir restriction in effect. File(D:\/shared/banners/show_banner.php) is not within the allowed path(s): (D:\web\openrails\web) in D:\web\openrails\web\discover\our-plans\index.php on line 8
[19-Jul-2014 17:22:20] PHP Warning:  include(/shared/banners/show_banner.php) [<a href='function.include'>function.include</a>]: failed to open stream: Operation not permitted in D:\web\openrails\web\discover\our-plans\index.php on line 8
[19-Jul-2014 17:22:20] PHP Warning:  include() [<a href='function.include'>function.include</a>]: Failed opening '/shared/banners/show_banner.php' for inclusion (include_path='.;d:\php528\includes;d:\Web\atomic\common') in D:\web\openrails\web\discover\our-plans\index.php on line 8
[19-Jul-2014 17:22:20] PHP Warning:  include() [<a href='function.include'>function.include</a>]: open_basedir restriction in effect. File(D:\/shared/menu.php) is not within the allowed path(s): (D:\web\openrails\web) in D:\web\openrails\web\discover\our-plans\index.php on line 9
[19-Jul-2014 17:22:20] PHP Warning:  include(/shared/menu.php) [<a href='function.include'>function.include</a>]: failed to open stream: Operation not permitted in D:\web\openrails\web\discover\our-plans\index.php on line 9
[19-Jul-2014 17:22:20] PHP Warning:  include() [<a href='function.include'>function.include</a>]: Failed opening '/shared/menu.php' for inclusion (include_path='.;d:\php528\includes;d:\Web\atomic\common') in D:\web\openrails\web\discover\our-plans\index.php on line 9
[19-Jul-2014 17:22:20] PHP Warning:  include() [<a href='function.include'>function.include</a>]: open_basedir restriction in effect. File(D:\/shared/tail.php) is not within the allowed path(s): (D:\web\openrails\web) in D:\web\openrails\web\discover\our-plans\index.php on line 45
[19-Jul-2014 17:22:20] PHP Warning:  include(/shared/tail.php) [<a href='function.include'>function.include</a>]: failed to open stream: Operation not permitted in D:\web\openrails\web\discover\our-plans\index.php on line 45
[19-Jul-2014 17:22:20] PHP Warning:  include() [<a href='function.include'>function.include</a>]: Failed opening '/shared/tail.php' for inclusion (include_path='.;d:\php528\includes;d:\Web\atomic\common') in D:\web\openrails\web\discover\our-plans\index.php on line 45
[19-Jul-2014 17:22:21] PHP Warning:  include() [<a href='function.include'>function.include</a>]: open_basedir restriction in effect. File(D:\/shared/banners/preload_next_banner.php) is not within the allowed path(s): (D:\web\openrails\web) in D:\web\openrails\web\discover\our-plans\index.php on line 46
[19-Jul-2014 17:22:21] PHP Warning:  include(/shared/banners/preload_next_banner.php) [<a href='function.include'>function.include</a>]: failed to open stream: Operation not permitted in D:\web\openrails\web\discover\our-plans\index.php on line 46
[19-Jul-2014 17:22:21] PHP Warning:  include() [<a href='function.include'>function.include</a>]: Failed opening '/shared/banners/preload_next_banner.php' for inclusion (include_path='.;d:\php528\includes;d:\Web\atomic\common') in D:\web\openrails\web\discover\our-plans\index.php on line 46
[19-Jul-2014 19:10:56] PHP Warning:  include() [<a href='function.include'>function.include</a>]: open_basedir restriction in effect. File(D:\/shared/head.php) is not within the allowed path(s): (D:\web\openrails\web) in D:\web\openrails\web\discover\our-plans\index.php on line 1
[19-Jul-2014 19:10:56] PHP Warning:  include(/shared/head.php) [<a href='function.include'>function.include</a>]: failed to open stream: Operation not permitted in D:\web\openrails\web\discover\our-plans\index.php on line 1
[19-Jul-2014 19:10:56] PHP Warning:  include() [<a href='function.include'>function.include</a>]: Failed opening '/shared/head.php' for inclusion (include_path='.;d:\php528\includes;d:\Web\atomic\common') in D:\web\openrails\web\discover\our-plans\index.php on line 1
[19-Jul-2014 19:10:56] PHP Warning:  include() [<a href='function.include'>function.include</a>]: open_basedir restriction in effect. File(D:\/shared/banners/choose_banner.php) is not within the allowed path(s): (D:\web\openrails\web) in D:\web\openrails\web\discover\our-plans\index.php on line 7
[19-Jul-2014 19:10:56] PHP Warning:  include(/shared/banners/choose_banner.php) [<a href='function.include'>function.include</a>]: failed to open stream: Operation not permitted in D:\web\openrails\web\discover\our-plans\index.php on line 7
[19-Jul-2014 19:10:56] PHP Warning:  include() [<a href='function.include'>function.include</a>]: Failed opening '/shared/banners/choose_banner.php' for inclusion (include_path='.;d:\php528\includes;d:\Web\atomic\common') in D:\web\openrails\web\discover\our-plans\index.php on line 7
[19-Jul-2014 19:10:56] PHP Warning:  include() [<a href='function.include'>function.include</a>]: open_basedir restriction in effect. File(D:\/shared/banners/show_banner.php) is not within the allowed path(s): (D:\web\openrails\web) in D:\web\openrails\web\discover\our-plans\index.php on line 8
[19-Jul-2014 19:10:56] PHP Warning:  include(/shared/banners/show_banner.php) [<a href='function.include'>function.include</a>]: failed to open stream: Operation not permitted in D:\web\openrails\web\discover\our-plans\index.php on line 8
[19-Jul-2014 19:10:56] PHP Warning:  include() [<a href='function.include'>function.include</a>]: Failed opening '/shared/banners/show_banner.php' for inclusion (include_path='.;d:\php528\includes;d:\Web\atomic\common') in D:\web\openrails\web\discover\our-plans\index.php on line 8
[19-Jul-2014 19:10:56] PHP Warning:  include() [<a href='function.include'>function.include</a>]: open_basedir restriction in effect. File(D:\/shared/menu.php) is not within the allowed path(s): (D:\web\openrails\web) in D:\web\openrails\web\discover\our-plans\index.php on line 9
[19-Jul-2014 19:10:56] PHP Warning:  include(/shared/menu.php) [<a href='function.include'>function.include</a>]: failed to open stream: Operation not permitted in D:\web\openrails\web\discover\our-plans\index.php on line 9
[19-Jul-2014 19:10:56] PHP Warning:  include() [<a href='function.include'>function.include</a>]: Failed opening '/shared/menu.php' for inclusion (include_path='.;d:\php528\includes;d:\Web\atomic\common') in D:\web\openrails\web\discover\our-plans\index.php on line 9
[19-Jul-2014 19:10:56] PHP Warning:  include() [<a href='function.include'>function.include</a>]: open_basedir restriction in effect. File(D:\/shared/tail.php) is not within the allowed path(s): (D:\web\openrails\web) in D:\web\openrails\web\discover\our-plans\index.php on line 45
[19-Jul-2014 19:10:56] PHP Warning:  include(/shared/tail.php) [<a href='function.include'>function.include</a>]: failed to open stream: Operation not permitted in D:\web\openrails\web\discover\our-plans\index.php on line 45
[19-Jul-2014 19:10:56] PHP Warning:  include() [<a href='function.include'>function.include</a>]: Failed opening '/shared/tail.php' for inclusion (include_path='.;d:\php528\includes;d:\Web\atomic\common') in D:\web\openrails\web\discover\our-plans\index.php on line 45
[19-Jul-2014 19:10:56] PHP Warning:  include() [<a href='function.include'>function.include</a>]: open_basedir restriction in effect. File(D:\/shared/banners/preload_next_banner.php) is not within the allowed path(s): (D:\web\openrails\web) in D:\web\openrails\web\discover\our-plans\index.php on line 46
[19-Jul-2014 19:10:56] PHP Warning:  include(/shared/banners/preload_next_banner.php) [<a href='function.include'>function.include</a>]: failed to open stream: Operation not permitted in D:\web\openrails\web\discover\our-plans\index.php on line 46
[19-Jul-2014 19:10:56] PHP Warning:  include() [<a href='function.include'>function.include</a>]: Failed opening '/shared/banners/preload_next_banner.php' for inclusion (include_path='.;d:\php528\includes;d:\Web\atomic\common') in D:\web\openrails\web\discover\our-plans\index.php on line 46
