[19-Jul-2014 09:24:57] PHP Warning:  session_start() [<a href='function.session-start'>function.session-start</a>]: open(D:\web\openrails\web\or\dev\sessions\sess_vnsgccnbrne0qbh2k7j0meu5g1, O_RDWR) failed: No such file or directory (2) in D:\web\openrails\web\shared\head.php on line 15
[19-Jul-2014 09:24:57] PHP Warning:  Unknown: open(D:\web\openrails\web\or\dev\sessions\sess_vnsgccnbrne0qbh2k7j0meu5g1, O_RDWR) failed: No such file or directory (2) in Unknown on line 0
[19-Jul-2014 09:24:57] PHP Warning:  Unknown: Failed to write session data (files). Please verify that the current setting of session.save_path is correct (D:\web\openrails\web\or\dev\sessions) in Unknown on line 0
[19-Jul-2014 09:25:06] PHP Warning:  session_start() [<a href='function.session-start'>function.session-start</a>]: open(D:\web\openrails\web\or\dev\sessions\sess_vnsgccnbrne0qbh2k7j0meu5g1, O_RDWR) failed: No such file or directory (2) in D:\web\openrails\web\shared\head.php on line 15
[19-Jul-2014 09:25:06] PHP Warning:  Unknown: open(D:\web\openrails\web\or\dev\sessions\sess_vnsgccnbrne0qbh2k7j0meu5g1, O_RDWR) failed: No such file or directory (2) in Unknown on line 0
[19-Jul-2014 09:25:06] PHP Warning:  Unknown: Failed to write session data (files). Please verify that the current setting of session.save_path is correct (D:\web\openrails\web\or\dev\sessions) in Unknown on line 0
[19-Jul-2014 09:25:17] PHP Warning:  session_start() [<a href='function.session-start'>function.session-start</a>]: open(D:\web\openrails\web\or\dev\sessions\sess_vnsgccnbrne0qbh2k7j0meu5g1, O_RDWR) failed: No such file or directory (2) in D:\web\openrails\web\shared\head.php on line 15
[19-Jul-2014 09:25:17] PHP Warning:  Unknown: open(D:\web\openrails\web\or\dev\sessions\sess_vnsgccnbrne0qbh2k7j0meu5g1, O_RDWR) failed: No such file or directory (2) in Unknown on line 0
[19-Jul-2014 09:25:17] PHP Warning:  Unknown: Failed to write session data (files). Please verify that the current setting of session.save_path is correct (D:\web\openrails\web\or\dev\sessions) in Unknown on line 0
[19-Jul-2014 17:09:11] PHP Warning:  include() [<a href='function.include'>function.include</a>]: open_basedir restriction in effect. File(D:\/shared/head.php) is not within the allowed path(s): (D:\web\openrails\web) in D:\web\openrails\web\discover\open-rails\index.php on line 1
[19-Jul-2014 17:09:11] PHP Warning:  include(/shared/head.php) [<a href='function.include'>function.include</a>]: failed to open stream: Operation not permitted in D:\web\openrails\web\discover\open-rails\index.php on line 1
[19-Jul-2014 17:09:11] PHP Warning:  include() [<a href='function.include'>function.include</a>]: Failed opening '/shared/head.php' for inclusion (include_path='.;d:\php528\includes;d:\Web\atomic\common') in D:\web\openrails\web\discover\open-rails\index.php on line 1
[19-Jul-2014 17:09:11] PHP Warning:  include() [<a href='function.include'>function.include</a>]: open_basedir restriction in effect. File(D:\/shared/banners/choose_banner.php) is not within the allowed path(s): (D:\web\openrails\web) in D:\web\openrails\web\discover\open-rails\index.php on line 8
[19-Jul-2014 17:09:11] PHP Warning:  include(/shared/banners/choose_banner.php) [<a href='function.include'>function.include</a>]: failed to open stream: Operation not permitted in D:\web\openrails\web\discover\open-rails\index.php on line 8
[19-Jul-2014 17:09:11] PHP Warning:  include() [<a href='function.include'>function.include</a>]: Failed opening '/shared/banners/choose_banner.php' for inclusion (include_path='.;d:\php528\includes;d:\Web\atomic\common') in D:\web\openrails\web\discover\open-rails\index.php on line 8
[19-Jul-2014 17:09:11] PHP Warning:  include() [<a href='function.include'>function.include</a>]: open_basedir restriction in effect. File(D:\/shared/banners/show_banner.php) is not within the allowed path(s): (D:\web\openrails\web) in D:\web\openrails\web\discover\open-rails\index.php on line 9
[19-Jul-2014 17:09:11] PHP Warning:  include(/shared/banners/show_banner.php) [<a href='function.include'>function.include</a>]: failed to open stream: Operation not permitted in D:\web\openrails\web\discover\open-rails\index.php on line 9
[19-Jul-2014 17:09:11] PHP Warning:  include() [<a href='function.include'>function.include</a>]: Failed opening '/shared/banners/show_banner.php' for inclusion (include_path='.;d:\php528\includes;d:\Web\atomic\common') in D:\web\openrails\web\discover\open-rails\index.php on line 9
[19-Jul-2014 17:09:11] PHP Warning:  include() [<a href='function.include'>function.include</a>]: open_basedir restriction in effect. File(D:\/shared/menu.php) is not within the allowed path(s): (D:\web\openrails\web) in D:\web\openrails\web\discover\open-rails\index.php on line 10
[19-Jul-2014 17:09:11] PHP Warning:  include(/shared/menu.php) [<a href='function.include'>function.include</a>]: failed to open stream: Operation not permitted in D:\web\openrails\web\discover\open-rails\index.php on line 10
[19-Jul-2014 17:09:11] PHP Warning:  include() [<a href='function.include'>function.include</a>]: Failed opening '/shared/menu.php' for inclusion (include_path='.;d:\php528\includes;d:\Web\atomic\common') in D:\web\openrails\web\discover\open-rails\index.php on line 10
[19-Jul-2014 17:09:11] PHP Warning:  include() [<a href='function.include'>function.include</a>]: open_basedir restriction in effect. File(D:\/shared/tail.php) is not within the allowed path(s): (D:\web\openrails\web) in D:\web\openrails\web\discover\open-rails\index.php on line 58
[19-Jul-2014 17:09:11] PHP Warning:  include(/shared/tail.php) [<a href='function.include'>function.include</a>]: failed to open stream: Operation not permitted in D:\web\openrails\web\discover\open-rails\index.php on line 58
[19-Jul-2014 17:09:11] PHP Warning:  include() [<a href='function.include'>function.include</a>]: Failed opening '/shared/tail.php' for inclusion (include_path='.;d:\php528\includes;d:\Web\atomic\common') in D:\web\openrails\web\discover\open-rails\index.php on line 58
[19-Jul-2014 17:09:11] PHP Warning:  include() [<a href='function.include'>function.include</a>]: open_basedir restriction in effect. File(D:\/shared/banners/preload_next_banner.php) is not within the allowed path(s): (D:\web\openrails\web) in D:\web\openrails\web\discover\open-rails\index.php on line 59
[19-Jul-2014 17:09:11] PHP Warning:  include(/shared/banners/preload_next_banner.php) [<a href='function.include'>function.include</a>]: failed to open stream: Operation not permitted in D:\web\openrails\web\discover\open-rails\index.php on line 59
[19-Jul-2014 17:09:11] PHP Warning:  include() [<a href='function.include'>function.include</a>]: Failed opening '/shared/banners/preload_next_banner.php' for inclusion (include_path='.;d:\php528\includes;d:\Web\atomic\common') in D:\web\openrails\web\discover\open-rails\index.php on line 59
[19-Jul-2014 17:11:16] PHP Warning:  include() [<a href='function.include'>function.include</a>]: open_basedir restriction in effect. File(D:\/shared/head.php) is not within the allowed path(s): (D:\web\openrails\web) in D:\web\openrails\web\discover\open-rails\index.php on line 1
[19-Jul-2014 17:11:16] PHP Warning:  include(/shared/head.php) [<a href='function.include'>function.include</a>]: failed to open stream: Operation not permitted in D:\web\openrails\web\discover\open-rails\index.php on line 1
[19-Jul-2014 17:11:16] PHP Warning:  include() [<a href='function.include'>function.include</a>]: Failed opening '/shared/head.php' for inclusion (include_path='.;d:\php528\includes;d:\Web\atomic\common') in D:\web\openrails\web\discover\open-rails\index.php on line 1
[19-Jul-2014 17:11:16] PHP Warning:  include() [<a href='function.include'>function.include</a>]: open_basedir restriction in effect. File(D:\/shared/banners/choose_banner.php) is not within the allowed path(s): (D:\web\openrails\web) in D:\web\openrails\web\discover\open-rails\index.php on line 8
[19-Jul-2014 17:11:16] PHP Warning:  include(/shared/banners/choose_banner.php) [<a href='function.include'>function.include</a>]: failed to open stream: Operation not permitted in D:\web\openrails\web\discover\open-rails\index.php on line 8
[19-Jul-2014 17:11:16] PHP Warning:  include() [<a href='function.include'>function.include</a>]: Failed opening '/shared/banners/choose_banner.php' for inclusion (include_path='.;d:\php528\includes;d:\Web\atomic\common') in D:\web\openrails\web\discover\open-rails\index.php on line 8
[19-Jul-2014 17:11:16] PHP Warning:  include() [<a href='function.include'>function.include</a>]: open_basedir restriction in effect. File(D:\/shared/banners/show_banner.php) is not within the allowed path(s): (D:\web\openrails\web) in D:\web\openrails\web\discover\open-rails\index.php on line 9
[19-Jul-2014 17:11:16] PHP Warning:  include(/shared/banners/show_banner.php) [<a href='function.include'>function.include</a>]: failed to open stream: Operation not permitted in D:\web\openrails\web\discover\open-rails\index.php on line 9
[19-Jul-2014 17:11:16] PHP Warning:  include() [<a href='function.include'>function.include</a>]: Failed opening '/shared/banners/show_banner.php' for inclusion (include_path='.;d:\php528\includes;d:\Web\atomic\common') in D:\web\openrails\web\discover\open-rails\index.php on line 9
[19-Jul-2014 17:11:16] PHP Warning:  include() [<a href='function.include'>function.include</a>]: open_basedir restriction in effect. File(D:\/shared/menu.php) is not within the allowed path(s): (D:\web\openrails\web) in D:\web\openrails\web\discover\open-rails\index.php on line 10
[19-Jul-2014 17:11:16] PHP Warning:  include(/shared/menu.php) [<a href='function.include'>function.include</a>]: failed to open stream: Operation not permitted in D:\web\openrails\web\discover\open-rails\index.php on line 10
[19-Jul-2014 17:11:16] PHP Warning:  include() [<a href='function.include'>function.include</a>]: Failed opening '/shared/menu.php' for inclusion (include_path='.;d:\php528\includes;d:\Web\atomic\common') in D:\web\openrails\web\discover\open-rails\index.php on line 10
[19-Jul-2014 17:11:16] PHP Warning:  include() [<a href='function.include'>function.include</a>]: open_basedir restriction in effect. File(D:\/shared/tail.php) is not within the allowed path(s): (D:\web\openrails\web) in D:\web\openrails\web\discover\open-rails\index.php on line 58
[19-Jul-2014 17:11:16] PHP Warning:  include(/shared/tail.php) [<a href='function.include'>function.include</a>]: failed to open stream: Operation not permitted in D:\web\openrails\web\discover\open-rails\index.php on line 58
[19-Jul-2014 17:11:16] PHP Warning:  include() [<a href='function.include'>function.include</a>]: Failed opening '/shared/tail.php' for inclusion (include_path='.;d:\php528\includes;d:\Web\atomic\common') in D:\web\openrails\web\discover\open-rails\index.php on line 58
[19-Jul-2014 17:11:16] PHP Warning:  include() [<a href='function.include'>function.include</a>]: open_basedir restriction in effect. File(D:\/shared/banners/preload_next_banner.php) is not within the allowed path(s): (D:\web\openrails\web) in D:\web\openrails\web\discover\open-rails\index.php on line 59
[19-Jul-2014 17:11:16] PHP Warning:  include(/shared/banners/preload_next_banner.php) [<a href='function.include'>function.include</a>]: failed to open stream: Operation not permitted in D:\web\openrails\web\discover\open-rails\index.php on line 59
[19-Jul-2014 17:11:16] PHP Warning:  include() [<a href='function.include'>function.include</a>]: Failed opening '/shared/banners/preload_next_banner.php' for inclusion (include_path='.;d:\php528\includes;d:\Web\atomic\common') in D:\web\openrails\web\discover\open-rails\index.php on line 59
[19-Jul-2014 17:11:22] PHP Warning:  include() [<a href='function.include'>function.include</a>]: open_basedir restriction in effect. File(D:\/shared/head.php) is not within the allowed path(s): (D:\web\openrails\web) in D:\web\openrails\web\discover\open-rails\index.php on line 1
[19-Jul-2014 17:11:22] PHP Warning:  include(/shared/head.php) [<a href='function.include'>function.include</a>]: failed to open stream: Operation not permitted in D:\web\openrails\web\discover\open-rails\index.php on line 1
[19-Jul-2014 17:11:22] PHP Warning:  include() [<a href='function.include'>function.include</a>]: Failed opening '/shared/head.php' for inclusion (include_path='.;d:\php528\includes;d:\Web\atomic\common') in D:\web\openrails\web\discover\open-rails\index.php on line 1
[19-Jul-2014 17:11:22] PHP Warning:  include() [<a href='function.include'>function.include</a>]: open_basedir restriction in effect. File(D:\/shared/banners/choose_banner.php) is not within the allowed path(s): (D:\web\openrails\web) in D:\web\openrails\web\discover\open-rails\index.php on line 8
[19-Jul-2014 17:11:22] PHP Warning:  include(/shared/banners/choose_banner.php) [<a href='function.include'>function.include</a>]: failed to open stream: Operation not permitted in D:\web\openrails\web\discover\open-rails\index.php on line 8
[19-Jul-2014 17:11:22] PHP Warning:  include() [<a href='function.include'>function.include</a>]: Failed opening '/shared/banners/choose_banner.php' for inclusion (include_path='.;d:\php528\includes;d:\Web\atomic\common') in D:\web\openrails\web\discover\open-rails\index.php on line 8
[19-Jul-2014 17:11:22] PHP Warning:  include() [<a href='function.include'>function.include</a>]: open_basedir restriction in effect. File(D:\/shared/banners/show_banner.php) is not within the allowed path(s): (D:\web\openrails\web) in D:\web\openrails\web\discover\open-rails\index.php on line 9
[19-Jul-2014 17:11:22] PHP Warning:  include(/shared/banners/show_banner.php) [<a href='function.include'>function.include</a>]: failed to open stream: Operation not permitted in D:\web\openrails\web\discover\open-rails\index.php on line 9
[19-Jul-2014 17:11:22] PHP Warning:  include() [<a href='function.include'>function.include</a>]: Failed opening '/shared/banners/show_banner.php' for inclusion (include_path='.;d:\php528\includes;d:\Web\atomic\common') in D:\web\openrails\web\discover\open-rails\index.php on line 9
[19-Jul-2014 17:11:22] PHP Warning:  include() [<a href='function.include'>function.include</a>]: open_basedir restriction in effect. File(D:\/shared/menu.php) is not within the allowed path(s): (D:\web\openrails\web) in D:\web\openrails\web\discover\open-rails\index.php on line 10
[19-Jul-2014 17:11:22] PHP Warning:  include(/shared/menu.php) [<a href='function.include'>function.include</a>]: failed to open stream: Operation not permitted in D:\web\openrails\web\discover\open-rails\index.php on line 10
[19-Jul-2014 17:11:22] PHP Warning:  include() [<a href='function.include'>function.include</a>]: Failed opening '/shared/menu.php' for inclusion (include_path='.;d:\php528\includes;d:\Web\atomic\common') in D:\web\openrails\web\discover\open-rails\index.php on line 10
[19-Jul-2014 17:11:22] PHP Warning:  include() [<a href='function.include'>function.include</a>]: open_basedir restriction in effect. File(D:\/shared/tail.php) is not within the allowed path(s): (D:\web\openrails\web) in D:\web\openrails\web\discover\open-rails\index.php on line 58
[19-Jul-2014 17:11:22] PHP Warning:  include(/shared/tail.php) [<a href='function.include'>function.include</a>]: failed to open stream: Operation not permitted in D:\web\openrails\web\discover\open-rails\index.php on line 58
[19-Jul-2014 17:11:22] PHP Warning:  include() [<a href='function.include'>function.include</a>]: Failed opening '/shared/tail.php' for inclusion (include_path='.;d:\php528\includes;d:\Web\atomic\common') in D:\web\openrails\web\discover\open-rails\index.php on line 58
[19-Jul-2014 17:11:22] PHP Warning:  include() [<a href='function.include'>function.include</a>]: open_basedir restriction in effect. File(D:\/shared/banners/preload_next_banner.php) is not within the allowed path(s): (D:\web\openrails\web) in D:\web\openrails\web\discover\open-rails\index.php on line 59
[19-Jul-2014 17:11:22] PHP Warning:  include(/shared/banners/preload_next_banner.php) [<a href='function.include'>function.include</a>]: failed to open stream: Operation not permitted in D:\web\openrails\web\discover\open-rails\index.php on line 59
[19-Jul-2014 17:11:22] PHP Warning:  include() [<a href='function.include'>function.include</a>]: Failed opening '/shared/banners/preload_next_banner.php' for inclusion (include_path='.;d:\php528\includes;d:\Web\atomic\common') in D:\web\openrails\web\discover\open-rails\index.php on line 59
[19-Jul-2014 17:11:26] PHP Warning:  include() [<a href='function.include'>function.include</a>]: open_basedir restriction in effect. File(D:\/shared/head.php) is not within the allowed path(s): (D:\web\openrails\web) in D:\web\openrails\web\discover\open-rails\index.php on line 1
[19-Jul-2014 17:11:26] PHP Warning:  include(/shared/head.php) [<a href='function.include'>function.include</a>]: failed to open stream: Operation not permitted in D:\web\openrails\web\discover\open-rails\index.php on line 1
[19-Jul-2014 17:11:26] PHP Warning:  include() [<a href='function.include'>function.include</a>]: Failed opening '/shared/head.php' for inclusion (include_path='.;d:\php528\includes;d:\Web\atomic\common') in D:\web\openrails\web\discover\open-rails\index.php on line 1
[19-Jul-2014 17:11:26] PHP Warning:  include() [<a href='function.include'>function.include</a>]: open_basedir restriction in effect. File(D:\/shared/banners/choose_banner.php) is not within the allowed path(s): (D:\web\openrails\web) in D:\web\openrails\web\discover\open-rails\index.php on line 8
[19-Jul-2014 17:11:26] PHP Warning:  include(/shared/banners/choose_banner.php) [<a href='function.include'>function.include</a>]: failed to open stream: Operation not permitted in D:\web\openrails\web\discover\open-rails\index.php on line 8
[19-Jul-2014 17:11:26] PHP Warning:  include() [<a href='function.include'>function.include</a>]: Failed opening '/shared/banners/choose_banner.php' for inclusion (include_path='.;d:\php528\includes;d:\Web\atomic\common') in D:\web\openrails\web\discover\open-rails\index.php on line 8
[19-Jul-2014 17:11:26] PHP Warning:  include() [<a href='function.include'>function.include</a>]: open_basedir restriction in effect. File(D:\/shared/banners/show_banner.php) is not within the allowed path(s): (D:\web\openrails\web) in D:\web\openrails\web\discover\open-rails\index.php on line 9
[19-Jul-2014 17:11:26] PHP Warning:  include(/shared/banners/show_banner.php) [<a href='function.include'>function.include</a>]: failed to open stream: Operation not permitted in D:\web\openrails\web\discover\open-rails\index.php on line 9
[19-Jul-2014 17:11:26] PHP Warning:  include() [<a href='function.include'>function.include</a>]: Failed opening '/shared/banners/show_banner.php' for inclusion (include_path='.;d:\php528\includes;d:\Web\atomic\common') in D:\web\openrails\web\discover\open-rails\index.php on line 9
[19-Jul-2014 17:11:26] PHP Warning:  include() [<a href='function.include'>function.include</a>]: open_basedir restriction in effect. File(D:\/shared/menu.php) is not within the allowed path(s): (D:\web\openrails\web) in D:\web\openrails\web\discover\open-rails\index.php on line 10
[19-Jul-2014 17:11:26] PHP Warning:  include(/shared/menu.php) [<a href='function.include'>function.include</a>]: failed to open stream: Operation not permitted in D:\web\openrails\web\discover\open-rails\index.php on line 10
[19-Jul-2014 17:11:26] PHP Warning:  include() [<a href='function.include'>function.include</a>]: Failed opening '/shared/menu.php' for inclusion (include_path='.;d:\php528\includes;d:\Web\atomic\common') in D:\web\openrails\web\discover\open-rails\index.php on line 10
[19-Jul-2014 17:11:26] PHP Warning:  include() [<a href='function.include'>function.include</a>]: open_basedir restriction in effect. File(D:\/shared/tail.php) is not within the allowed path(s): (D:\web\openrails\web) in D:\web\openrails\web\discover\open-rails\index.php on line 58
[19-Jul-2014 17:11:26] PHP Warning:  include(/shared/tail.php) [<a href='function.include'>function.include</a>]: failed to open stream: Operation not permitted in D:\web\openrails\web\discover\open-rails\index.php on line 58
[19-Jul-2014 17:11:26] PHP Warning:  include() [<a href='function.include'>function.include</a>]: Failed opening '/shared/tail.php' for inclusion (include_path='.;d:\php528\includes;d:\Web\atomic\common') in D:\web\openrails\web\discover\open-rails\index.php on line 58
[19-Jul-2014 17:11:26] PHP Warning:  include() [<a href='function.include'>function.include</a>]: open_basedir restriction in effect. File(D:\/shared/banners/preload_next_banner.php) is not within the allowed path(s): (D:\web\openrails\web) in D:\web\openrails\web\discover\open-rails\index.php on line 59
[19-Jul-2014 17:11:26] PHP Warning:  include(/shared/banners/preload_next_banner.php) [<a href='function.include'>function.include</a>]: failed to open stream: Operation not permitted in D:\web\openrails\web\discover\open-rails\index.php on line 59
[19-Jul-2014 17:11:26] PHP Warning:  include() [<a href='function.include'>function.include</a>]: Failed opening '/shared/banners/preload_next_banner.php' for inclusion (include_path='.;d:\php528\includes;d:\Web\atomic\common') in D:\web\openrails\web\discover\open-rails\index.php on line 59
